d:\vsproject\littlebear\unbind\debug\vc140.pdb
d:\vsproject\littlebear\unbind\debug\vc140.idb
d:\vsproject\littlebear\unbind\debug\export.obj
d:\vsproject\littlebear\unbind\debug\nonesystemapiexport.obj
d:\vsproject\littlebear\unbind\debug\unbind.obj
d:\vsproject\littlebear\debug\unbind.ilk
d:\vsproject\littlebear\debug\unbind.dll
d:\vsproject\littlebear\debug\unbind.pdb
d:\vsproject\littlebear\unbind\debug\unbind.res
d:\vsproject\littlebear\debug\unbind.lib
d:\vsproject\littlebear\debug\unbind.exp
d:\vsproject\littlebear\unbind\debug\unbind.tlog\cl.command.1.tlog
d:\vsproject\littlebear\unbind\debug\unbind.tlog\cl.read.1.tlog
d:\vsproject\littlebear\unbind\debug\unbind.tlog\cl.write.1.tlog
d:\vsproject\littlebear\unbind\debug\unbind.tlog\link.command.1.tlog
d:\vsproject\littlebear\unbind\debug\unbind.tlog\link.read.1.tlog
d:\vsproject\littlebear\unbind\debug\unbind.tlog\link.write.1.tlog
d:\vsproject\littlebear\unbind\debug\unbind.tlog\rc.command.1.tlog
d:\vsproject\littlebear\unbind\debug\unbind.tlog\rc.read.1.tlog
d:\vsproject\littlebear\unbind\debug\unbind.tlog\rc.write.1.tlog
d:\vsproject\littlebear\unbind\debug\unbind.tlog\unbind.write.1u.tlog
