d:\vsproject\littlebear\shelldll\debug\vc140.pdb
d:\vsproject\littlebear\shelldll\debug\vc140.idb
d:\vsproject\littlebear\shelldll\debug\api.obj
d:\vsproject\littlebear\shelldll\debug\compress.obj
d:\vsproject\littlebear\shelldll\debug\crypto.obj
d:\vsproject\littlebear\shelldll\debug\debug.obj
d:\vsproject\littlebear\shelldll\debug\dllexport.obj
d:\vsproject\littlebear\shelldll\debug\escape.obj
d:\vsproject\littlebear\shelldll\debug\exportfuntable.obj
d:\vsproject\littlebear\shelldll\debug\filehelper.obj
d:\vsproject\littlebear\shelldll\debug\importfuntable.obj
d:\vsproject\littlebear\shelldll\debug\main.obj
d:\vsproject\littlebear\shelldll\debug\mappe.obj
d:\vsproject\littlebear\shelldll\debug\peparser.obj
d:\vsproject\littlebear\shelldll\debug\public.obj
d:\vsproject\littlebear\shelldll\debug\reloc.obj
d:\vsproject\littlebear\debug\shelldll.ilk
d:\vsproject\littlebear\debug\shelldll.dll
d:\vsproject\littlebear\debug\shelldll.pdb
d:\vsproject\littlebear\debug\shelldll.lib
d:\vsproject\littlebear\debug\shelldll.exp
d:\vsproject\littlebear\shelldll\debug\shelldll.tlog\cl.command.1.tlog
d:\vsproject\littlebear\shelldll\debug\shelldll.tlog\cl.read.1.tlog
d:\vsproject\littlebear\shelldll\debug\shelldll.tlog\cl.write.1.tlog
d:\vsproject\littlebear\shelldll\debug\shelldll.tlog\link.command.1.tlog
d:\vsproject\littlebear\shelldll\debug\shelldll.tlog\link.read.1.tlog
d:\vsproject\littlebear\shelldll\debug\shelldll.tlog\link.write.1.tlog
d:\vsproject\littlebear\shelldll\debug\shelldll.tlog\shelldll.write.1u.tlog
