D:\MICROSOFT VISUAL STUDIO 10.0\VSPROJECT\LITTLEBEARDLL_SERVER\LITTLEBEARDLL\RELEASE\APPSCREENSNAPSHOT.OBJ
D:\MICROSOFT VISUAL STUDIO 10.0\VSPROJECT\LITTLEBEARDLL_SERVER\LITTLEBEARDLL\RELEASE\ATL.OBJ
D:\MICROSOFT VISUAL STUDIO 10.0\VSPROJECT\LITTLEBEARDLL_SERVER\LITTLEBEARDLL\RELEASE\BOOTAUTORUN.OBJ
D:\MICROSOFT VISUAL STUDIO 10.0\VSPROJECT\LITTLEBEARDLL_SERVER\LITTLEBEARDLL\RELEASE\BOOTWITHAPP.OBJ
D:\MICROSOFT VISUAL STUDIO 10.0\VSPROJECT\LITTLEBEARDLL_SERVER\LITTLEBEARDLL\RELEASE\CAMERACAPTURE.OBJ
D:\Microsoft Visual Studio 10.0\VSProject\LittleBearDll_Server\LittleBearDll\Release\cl.command.1.tlog
D:\Microsoft Visual Studio 10.0\VSProject\LittleBearDll_Server\LittleBearDll\Release\CL.read.1.tlog
D:\Microsoft Visual Studio 10.0\VSProject\LittleBearDll_Server\LittleBearDll\Release\CL.write.1.tlog
D:\MICROSOFT VISUAL STUDIO 10.0\VSPROJECT\LITTLEBEARDLL_SERVER\LITTLEBEARDLL\RELEASE\CLOVER_DLL.DLL.INTERMEDIATE.MANIFEST
D:\MICROSOFT VISUAL STUDIO 10.0\VSPROJECT\LITTLEBEARDLL_SERVER\LITTLEBEARDLL\RELEASE\CMDHTML.OBJ
D:\MICROSOFT VISUAL STUDIO 10.0\VSPROJECT\LITTLEBEARDLL_SERVER\LITTLEBEARDLL\RELEASE\COMCTL32.OBJ
D:\MICROSOFT VISUAL STUDIO 10.0\VSPROJECT\LITTLEBEARDLL_SERVER\LITTLEBEARDLL\RELEASE\DIGITACAM.OBJ
D:\MICROSOFT VISUAL STUDIO 10.0\VSPROJECT\LITTLEBEARDLL_SERVER\LITTLEBEARDLL\RELEASE\DISKFILE.OBJ
D:\MICROSOFT VISUAL STUDIO 10.0\VSPROJECT\LITTLEBEARDLL_SERVER\LITTLEBEARDLL\RELEASE\FIRSTLOAD.OBJ
D:\MICROSOFT VISUAL STUDIO 10.0\VSPROJECT\LITTLEBEARDLL_SERVER\LITTLEBEARDLL\RELEASE\GETANTIVIRUSSOFTINFO.OBJ
D:\MICROSOFT VISUAL STUDIO 10.0\VSPROJECT\LITTLEBEARDLL_SERVER\LITTLEBEARDLL\RELEASE\GETCLIPBOARD.OBJ
D:\MICROSOFT VISUAL STUDIO 10.0\VSPROJECT\LITTLEBEARDLL_SERVER\LITTLEBEARDLL\RELEASE\GETDLLKERNEL32BASE.OBJ
D:\MICROSOFT VISUAL STUDIO 10.0\VSPROJECT\LITTLEBEARDLL_SERVER\LITTLEBEARDLL\RELEASE\GETINFORMATION.OBJ
D:\MICROSOFT VISUAL STUDIO 10.0\VSPROJECT\LITTLEBEARDLL_SERVER\LITTLEBEARDLL\RELEASE\INJECTDLL.OBJ
D:\MICROSOFT VISUAL STUDIO 10.0\VSPROJECT\LITTLEBEARDLL_SERVER\LITTLEBEARDLL\RELEASE\JNCFTROJANFUNC.OBJ
D:\MICROSOFT VISUAL STUDIO 10.0\VSPROJECT\LITTLEBEARDLL_SERVER\LITTLEBEARDLL\RELEASE\KEYBOARD.OBJ
D:\MICROSOFT VISUAL STUDIO 10.0\VSPROJECT\LITTLEBEARDLL_SERVER\LITTLEBEARDLL\RELEASE\LIBEAY32_VC90.OBJ
D:\Microsoft Visual Studio 10.0\VSProject\LittleBearDll_Server\LittleBearDll\Release\link.command.1.tlog
D:\Microsoft Visual Studio 10.0\VSProject\LittleBearDll_Server\LittleBearDll\Release\link.read.1.tlog
D:\Microsoft Visual Studio 10.0\VSProject\LittleBearDll_Server\LittleBearDll\Release\link.write.1.tlog
D:\Microsoft Visual Studio 10.0\VSProject\LittleBearDll_Server\LittleBearDll\Release\link-cvtres.read.1.tlog
D:\Microsoft Visual Studio 10.0\VSProject\LittleBearDll_Server\LittleBearDll\Release\link-cvtres.write.1.tlog
D:\MICROSOFT VISUAL STUDIO 10.0\VSPROJECT\LITTLEBEARDLL_SERVER\LITTLEBEARDLL\RELEASE\LITTLEBEAR.RES
D:\MICROSOFT VISUAL STUDIO 10.0\VSPROJECT\LITTLEBEARDLL_SERVER\LITTLEBEARDLL\RELEASE\LITTLEBEARDLL.OBJ
D:\Microsoft Visual Studio 10.0\VSProject\LittleBearDll_Server\LittleBearDll\Release\LittleBearDll.vcxprojResolveAssemblyReference.cache
D:\Microsoft Visual Studio 10.0\VSProject\LittleBearDll_Server\LittleBearDll\Release\LittleBearDll.write.1.tlog
D:\MICROSOFT VISUAL STUDIO 10.0\VSPROJECT\LITTLEBEARDLL_SERVER\LITTLEBEARDLL\RELEASE\LNKPROC.OBJ
D:\MICROSOFT VISUAL STUDIO 10.0\VSPROJECT\LITTLEBEARDLL_SERVER\LITTLEBEARDLL\RELEASE\MOZGLUE.OBJ
D:\Microsoft Visual Studio 10.0\VSProject\LittleBearDll_Server\LittleBearDll\Release\mt.command.1.tlog
D:\Microsoft Visual Studio 10.0\VSProject\LittleBearDll_Server\LittleBearDll\Release\mt.read.1.tlog
D:\Microsoft Visual Studio 10.0\VSProject\LittleBearDll_Server\LittleBearDll\Release\mt.write.1.tlog
D:\MICROSOFT VISUAL STUDIO 10.0\VSPROJECT\LITTLEBEARDLL_SERVER\LITTLEBEARDLL\RELEASE\NETWORK.OBJ
D:\MICROSOFT VISUAL STUDIO 10.0\VSPROJECT\LITTLEBEARDLL_SERVER\LITTLEBEARDLL\RELEASE\PUBLICVAR.OBJ
D:\Microsoft Visual Studio 10.0\VSProject\LittleBearDll_Server\LittleBearDll\Release\rc.command.1.tlog
D:\Microsoft Visual Studio 10.0\VSProject\LittleBearDll_Server\LittleBearDll\Release\rc.read.1.tlog
D:\Microsoft Visual Studio 10.0\VSProject\LittleBearDll_Server\LittleBearDll\Release\rc.write.1.tlog
D:\MICROSOFT VISUAL STUDIO 10.0\VSPROJECT\LITTLEBEARDLL_SERVER\LITTLEBEARDLL\RELEASE\RUNCMD.OBJ
D:\MICROSOFT VISUAL STUDIO 10.0\VSPROJECT\LITTLEBEARDLL_SERVER\LITTLEBEARDLL\RELEASE\SCREENSNAPSHOT.OBJ
D:\MICROSOFT VISUAL STUDIO 10.0\VSPROJECT\LITTLEBEARDLL_SERVER\LITTLEBEARDLL\RELEASE\SCREENVIDEO.OBJ
D:\MICROSOFT VISUAL STUDIO 10.0\VSPROJECT\LITTLEBEARDLL_SERVER\LITTLEBEARDLL\RELEASE\SOUNDRECORD.OBJ
D:\MICROSOFT VISUAL STUDIO 10.0\VSPROJECT\LITTLEBEARDLL_SERVER\LITTLEBEARDLL\RELEASE\VC100.PDB
D:\MICROSOFT VISUAL STUDIO 10.0\VSPROJECT\LITTLEBEARDLL_SERVER\LITTLEBEARDLL\RELEASE\VERSIONWIN7.OBJ
D:\MICROSOFT VISUAL STUDIO 10.0\VSPROJECT\LITTLEBEARDLL_SERVER\LITTLEBEARDLL\RELEASE\VERSIONXP.OBJ
D:\MICROSOFT VISUAL STUDIO 10.0\VSPROJECT\LITTLEBEARDLL_SERVER\LITTLEBEARDLL\RELEASE\VIDEOSDK.OBJ
D:\MICROSOFT VISUAL STUDIO 10.0\VSPROJECT\LITTLEBEARDLL_SERVER\RELEASE\CLOVER_DLL.DLL
D:\Microsoft Visual Studio 10.0\VSProject\LittleBearDll_Server\Release\clover_dll.exp
D:\Microsoft Visual Studio 10.0\VSProject\LittleBearDll_Server\Release\clover_dll.lib
D:\MICROSOFT VISUAL STUDIO 10.0\VSPROJECT\LITTLEBEARDLL_SERVER\RELEASE\CLOVER_DLL.PDB
