D:\Microsoft Visual Studio 10.0\VSProject\LittleBearDll_last\LittleBearDll\Release\API-MS-WIN-CORE-WINRT-L1-1-0.dll.intermediate.manifest
D:\Microsoft Visual Studio 10.0\VSProject\LittleBearDll_last\LittleBearDll\Release\api-ms-win-core-winrt-string-l1-1-0.dll.intermediate.manifest
D:\MICROSOFT VISUAL STUDIO 10.0\VSPROJECT\LITTLEBEARDLL_LAST\LITTLEBEARDLL\RELEASE\APPSCREENSNAPSHOT.OBJ
D:\MICROSOFT VISUAL STUDIO 10.0\VSPROJECT\LITTLEBEARDLL_LAST\LITTLEBEARDLL\RELEASE\BOOTAUTORUN.OBJ
D:\MICROSOFT VISUAL STUDIO 10.0\VSPROJECT\LITTLEBEARDLL_LAST\LITTLEBEARDLL\RELEASE\CAMERACAPTURE.OBJ
D:\Microsoft Visual Studio 10.0\VSProject\LittleBearDll_last\LittleBearDll\Release\cl.command.1.tlog
D:\Microsoft Visual Studio 10.0\VSProject\LittleBearDll_last\LittleBearDll\Release\CL.read.1.tlog
D:\Microsoft Visual Studio 10.0\VSProject\LittleBearDll_last\LittleBearDll\Release\CL.write.1.tlog
D:\MICROSOFT VISUAL STUDIO 10.0\VSPROJECT\LITTLEBEARDLL_LAST\LITTLEBEARDLL\RELEASE\DISKFILE.OBJ
D:\MICROSOFT VISUAL STUDIO 10.0\VSPROJECT\LITTLEBEARDLL_LAST\LITTLEBEARDLL\RELEASE\FIRSTLOAD.DLL.INTERMEDIATE.MANIFEST
D:\MICROSOFT VISUAL STUDIO 10.0\VSPROJECT\LITTLEBEARDLL_LAST\LITTLEBEARDLL\RELEASE\GETANTIVIRUSSOFTINFO.OBJ
D:\MICROSOFT VISUAL STUDIO 10.0\VSPROJECT\LITTLEBEARDLL_LAST\LITTLEBEARDLL\RELEASE\GETCLIPBOARD.OBJ
D:\MICROSOFT VISUAL STUDIO 10.0\VSPROJECT\LITTLEBEARDLL_LAST\LITTLEBEARDLL\RELEASE\GETDLLKERNEL32BASE.OBJ
D:\MICROSOFT VISUAL STUDIO 10.0\VSPROJECT\LITTLEBEARDLL_LAST\LITTLEBEARDLL\RELEASE\GETINFORMATION.OBJ
D:\MICROSOFT VISUAL STUDIO 10.0\VSPROJECT\LITTLEBEARDLL_LAST\LITTLEBEARDLL\RELEASE\JNCFTROJANFUNC.OBJ
D:\MICROSOFT VISUAL STUDIO 10.0\VSPROJECT\LITTLEBEARDLL_LAST\LITTLEBEARDLL\RELEASE\KEYBOARD.OBJ
D:\Microsoft Visual Studio 10.0\VSProject\LittleBearDll_last\LittleBearDll\Release\link.command.1.tlog
D:\Microsoft Visual Studio 10.0\VSProject\LittleBearDll_last\LittleBearDll\Release\link.read.1.tlog
D:\Microsoft Visual Studio 10.0\VSProject\LittleBearDll_last\LittleBearDll\Release\link.write.1.tlog
D:\Microsoft Visual Studio 10.0\VSProject\LittleBearDll_last\LittleBearDll\Release\link-cvtres.read.1.tlog
D:\Microsoft Visual Studio 10.0\VSProject\LittleBearDll_last\LittleBearDll\Release\link-cvtres.write.1.tlog
D:\MICROSOFT VISUAL STUDIO 10.0\VSPROJECT\LITTLEBEARDLL_LAST\LITTLEBEARDLL\RELEASE\LITTLEBEAR.RES
D:\MICROSOFT VISUAL STUDIO 10.0\VSPROJECT\LITTLEBEARDLL_LAST\LITTLEBEARDLL\RELEASE\LITTLEBEARDLL.OBJ
D:\Microsoft Visual Studio 10.0\VSProject\LittleBearDll_last\LittleBearDll\Release\LittleBearDll.vcxprojResolveAssemblyReference.cache
D:\Microsoft Visual Studio 10.0\VSProject\LittleBearDll_last\LittleBearDll\Release\LittleBearDll.write.1.tlog
D:\Microsoft Visual Studio 10.0\VSProject\LittleBearDll_last\LittleBearDll\Release\msimg32.dll.intermediate.manifest
D:\Microsoft Visual Studio 10.0\VSProject\LittleBearDll_last\LittleBearDll\Release\mt.command.1.tlog
D:\Microsoft Visual Studio 10.0\VSProject\LittleBearDll_last\LittleBearDll\Release\mt.read.1.tlog
D:\Microsoft Visual Studio 10.0\VSProject\LittleBearDll_last\LittleBearDll\Release\mt.write.1.tlog
D:\MICROSOFT VISUAL STUDIO 10.0\VSPROJECT\LITTLEBEARDLL_LAST\LITTLEBEARDLL\RELEASE\PUBLICVAR.OBJ
D:\Microsoft Visual Studio 10.0\VSProject\LittleBearDll_last\LittleBearDll\Release\rc.command.1.tlog
D:\Microsoft Visual Studio 10.0\VSProject\LittleBearDll_last\LittleBearDll\Release\rc.read.1.tlog
D:\Microsoft Visual Studio 10.0\VSProject\LittleBearDll_last\LittleBearDll\Release\rc.write.1.tlog
D:\MICROSOFT VISUAL STUDIO 10.0\VSPROJECT\LITTLEBEARDLL_LAST\LITTLEBEARDLL\RELEASE\RUNCMD.OBJ
D:\MICROSOFT VISUAL STUDIO 10.0\VSPROJECT\LITTLEBEARDLL_LAST\LITTLEBEARDLL\RELEASE\SCREENSNAPSHOT.OBJ
D:\MICROSOFT VISUAL STUDIO 10.0\VSPROJECT\LITTLEBEARDLL_LAST\LITTLEBEARDLL\RELEASE\SCREENVIDEO.OBJ
D:\Microsoft Visual Studio 10.0\VSProject\LittleBearDll_last\LittleBearDll\Release\slc.dll.intermediate.manifest
D:\MICROSOFT VISUAL STUDIO 10.0\VSPROJECT\LITTLEBEARDLL_LAST\LITTLEBEARDLL\RELEASE\SOUNDRECORD.OBJ
D:\MICROSOFT VISUAL STUDIO 10.0\VSPROJECT\LITTLEBEARDLL_LAST\LITTLEBEARDLL\RELEASE\VC100.PDB
D:\Microsoft Visual Studio 10.0\VSProject\LittleBearDll_last\LittleBearDll\Release\wdscore.dll.intermediate.manifest
D:\Microsoft Visual Studio 10.0\VSProject\LittleBearDll_last\LittleBearDll\Release\winnsi.dll.intermediate.manifest
D:\MICROSOFT VISUAL STUDIO 10.0\VSPROJECT\LITTLEBEARDLL_LAST\RELEASE\API-MS-WIN-CORE-WINRT-L1-1-0.DLL
D:\Microsoft Visual Studio 10.0\VSProject\LittleBearDll_last\Release\API-MS-WIN-CORE-WINRT-L1-1-0.exp
D:\Microsoft Visual Studio 10.0\VSProject\LittleBearDll_last\Release\API-MS-WIN-CORE-WINRT-L1-1-0.lib
D:\MICROSOFT VISUAL STUDIO 10.0\VSPROJECT\LITTLEBEARDLL_LAST\RELEASE\API-MS-WIN-CORE-WINRT-STRING-L1-1-0.DLL
D:\Microsoft Visual Studio 10.0\VSProject\LittleBearDll_last\Release\api-ms-win-core-winrt-string-l1-1-0.exp
D:\Microsoft Visual Studio 10.0\VSProject\LittleBearDll_last\Release\api-ms-win-core-winrt-string-l1-1-0.lib
D:\MICROSOFT VISUAL STUDIO 10.0\VSPROJECT\LITTLEBEARDLL_LAST\RELEASE\FIRSTLOAD.DLL
D:\Microsoft Visual Studio 10.0\VSProject\LittleBearDll_last\Release\firstload.exp
D:\Microsoft Visual Studio 10.0\VSProject\LittleBearDll_last\Release\firstload.lib
D:\MICROSOFT VISUAL STUDIO 10.0\VSPROJECT\LITTLEBEARDLL_LAST\RELEASE\FIRSTLOAD.PDB
D:\MICROSOFT VISUAL STUDIO 10.0\VSPROJECT\LITTLEBEARDLL_LAST\RELEASE\SLC.DLL
D:\Microsoft Visual Studio 10.0\VSProject\LittleBearDll_last\Release\slc.exp
D:\Microsoft Visual Studio 10.0\VSProject\LittleBearDll_last\Release\slc.lib
D:\MICROSOFT VISUAL STUDIO 10.0\VSPROJECT\LITTLEBEARDLL_LAST\RELEASE\WDSCORE.DLL
D:\Microsoft Visual Studio 10.0\VSProject\LittleBearDll_last\Release\wdscore.exp
D:\Microsoft Visual Studio 10.0\VSProject\LittleBearDll_last\Release\wdscore.lib
D:\MICROSOFT VISUAL STUDIO 10.0\VSPROJECT\LITTLEBEARDLL_LAST\RELEASE\WINNSI.DLL
D:\Microsoft Visual Studio 10.0\VSProject\LittleBearDll_last\Release\winnsi.exp
D:\Microsoft Visual Studio 10.0\VSProject\LittleBearDll_last\Release\winnsi.lib
D:\PROGRAM FILES (X86)\MICROSOFT VISUAL STUDIO 10.0\PROJECT\LITTLEBEARDLL_LAST\LITTLEBEARDLL\RELEASE\APPSCREENSNAPSHOT.OBJ
D:\PROGRAM FILES (X86)\MICROSOFT VISUAL STUDIO 10.0\PROJECT\LITTLEBEARDLL_LAST\LITTLEBEARDLL\RELEASE\BOOTAUTORUN.OBJ
D:\PROGRAM FILES (X86)\MICROSOFT VISUAL STUDIO 10.0\PROJECT\LITTLEBEARDLL_LAST\LITTLEBEARDLL\RELEASE\CAMERACAPTURE.OBJ
D:\PROGRAM FILES (X86)\MICROSOFT VISUAL STUDIO 10.0\PROJECT\LITTLEBEARDLL_LAST\LITTLEBEARDLL\RELEASE\DISKFILE.OBJ
D:\PROGRAM FILES (X86)\MICROSOFT VISUAL STUDIO 10.0\PROJECT\LITTLEBEARDLL_LAST\LITTLEBEARDLL\RELEASE\GETANTIVIRUSSOFTINFO.OBJ
D:\PROGRAM FILES (X86)\MICROSOFT VISUAL STUDIO 10.0\PROJECT\LITTLEBEARDLL_LAST\LITTLEBEARDLL\RELEASE\GETCLIPBOARD.OBJ
D:\PROGRAM FILES (X86)\MICROSOFT VISUAL STUDIO 10.0\PROJECT\LITTLEBEARDLL_LAST\LITTLEBEARDLL\RELEASE\GETDLLKERNEL32BASE.OBJ
D:\PROGRAM FILES (X86)\MICROSOFT VISUAL STUDIO 10.0\PROJECT\LITTLEBEARDLL_LAST\LITTLEBEARDLL\RELEASE\GETINFORMATION.OBJ
D:\PROGRAM FILES (X86)\MICROSOFT VISUAL STUDIO 10.0\PROJECT\LITTLEBEARDLL_LAST\LITTLEBEARDLL\RELEASE\JNCFTROJANFUNC.OBJ
D:\PROGRAM FILES (X86)\MICROSOFT VISUAL STUDIO 10.0\PROJECT\LITTLEBEARDLL_LAST\LITTLEBEARDLL\RELEASE\KEYBOARD.OBJ
D:\PROGRAM FILES (X86)\MICROSOFT VISUAL STUDIO 10.0\PROJECT\LITTLEBEARDLL_LAST\LITTLEBEARDLL\RELEASE\LITTLEBEAR.RES
D:\PROGRAM FILES (X86)\MICROSOFT VISUAL STUDIO 10.0\PROJECT\LITTLEBEARDLL_LAST\LITTLEBEARDLL\RELEASE\LITTLEBEARDLL.OBJ
D:\PROGRAM FILES (X86)\MICROSOFT VISUAL STUDIO 10.0\PROJECT\LITTLEBEARDLL_LAST\LITTLEBEARDLL\RELEASE\PUBLICVAR.OBJ
D:\PROGRAM FILES (X86)\MICROSOFT VISUAL STUDIO 10.0\PROJECT\LITTLEBEARDLL_LAST\LITTLEBEARDLL\RELEASE\RUNCMD.OBJ
D:\PROGRAM FILES (X86)\MICROSOFT VISUAL STUDIO 10.0\PROJECT\LITTLEBEARDLL_LAST\LITTLEBEARDLL\RELEASE\SCREENSNAPSHOT.OBJ
D:\PROGRAM FILES (X86)\MICROSOFT VISUAL STUDIO 10.0\PROJECT\LITTLEBEARDLL_LAST\LITTLEBEARDLL\RELEASE\SCREENVIDEO.OBJ
D:\PROGRAM FILES (X86)\MICROSOFT VISUAL STUDIO 10.0\PROJECT\LITTLEBEARDLL_LAST\LITTLEBEARDLL\RELEASE\SOUNDRECORD.OBJ
D:\PROGRAM FILES (X86)\MICROSOFT VISUAL STUDIO 10.0\PROJECT\LITTLEBEARDLL_LAST\LITTLEBEARDLL\RELEASE\VC100.PDB
D:\PROGRAM FILES (X86)\MICROSOFT VISUAL STUDIO 10.0\PROJECT\LITTLEBEARDLL_LAST\LITTLEBEARDLL\RELEASE\WDSCORE.DLL.INTERMEDIATE.MANIFEST
D:\PROGRAM FILES (X86)\MICROSOFT VISUAL STUDIO 10.0\PROJECT\LITTLEBEARDLL_LAST\RELEASE\MSIMG32.DLL
D:\Program Files (x86)\Microsoft Visual Studio 10.0\project\LittleBearDll_last\Release\msimg32.exp
D:\Program Files (x86)\Microsoft Visual Studio 10.0\project\LittleBearDll_last\Release\msimg32.lib
D:\PROGRAM FILES (X86)\MICROSOFT VISUAL STUDIO 10.0\PROJECT\LITTLEBEARDLL_LAST\RELEASE\WDSCORE.DLL
D:\Program Files (x86)\Microsoft Visual Studio 10.0\project\LittleBearDll_last\Release\wdscore.exp
D:\Program Files (x86)\Microsoft Visual Studio 10.0\project\LittleBearDll_last\Release\wdscore.lib
D:\PROGRAM FILES (X86)\MICROSOFT VISUAL STUDIO 10.0\PROJECT\LITTLEBEARDLL_LAST\RELEASE\WDSCORE.PDB
