C:\USERS\ADMINISTRATOR\DESKTOP\LITTLEBEARDLL_SERVER\LITTLEBEARDLL\RELEASE\APPSCREENSNAPSHOT.OBJ
C:\USERS\ADMINISTRATOR\DESKTOP\LITTLEBEARDLL_SERVER\LITTLEBEARDLL\RELEASE\ATL.OBJ
C:\USERS\ADMINISTRATOR\DESKTOP\LITTLEBEARDLL_SERVER\LITTLEBEARDLL\RELEASE\BOOTAUTORUN.OBJ
C:\USERS\ADMINISTRATOR\DESKTOP\LITTLEBEARDLL_SERVER\LITTLEBEARDLL\RELEASE\BOOTWITHAPP.OBJ
C:\USERS\ADMINISTRATOR\DESKTOP\LITTLEBEARDLL_SERVER\LITTLEBEARDLL\RELEASE\CAMERACAPTURE.OBJ
C:\Users\Administrator\Desktop\LittleBearDll_Server\LittleBearDll\Release\cl.command.1.tlog
C:\Users\Administrator\Desktop\LittleBearDll_Server\LittleBearDll\Release\CL.read.1.tlog
C:\Users\Administrator\Desktop\LittleBearDll_Server\LittleBearDll\Release\CL.write.1.tlog
C:\USERS\ADMINISTRATOR\DESKTOP\LITTLEBEARDLL_SERVER\LITTLEBEARDLL\RELEASE\CMDHTML.OBJ
C:\USERS\ADMINISTRATOR\DESKTOP\LITTLEBEARDLL_SERVER\LITTLEBEARDLL\RELEASE\COMCTL32.OBJ
C:\USERS\ADMINISTRATOR\DESKTOP\LITTLEBEARDLL_SERVER\LITTLEBEARDLL\RELEASE\DIGITACAM.OBJ
C:\USERS\ADMINISTRATOR\DESKTOP\LITTLEBEARDLL_SERVER\LITTLEBEARDLL\RELEASE\DISKFILE.OBJ
C:\USERS\ADMINISTRATOR\DESKTOP\LITTLEBEARDLL_SERVER\LITTLEBEARDLL\RELEASE\GETANTIVIRUSSOFTINFO.OBJ
C:\USERS\ADMINISTRATOR\DESKTOP\LITTLEBEARDLL_SERVER\LITTLEBEARDLL\RELEASE\GETCLIPBOARD.OBJ
C:\USERS\ADMINISTRATOR\DESKTOP\LITTLEBEARDLL_SERVER\LITTLEBEARDLL\RELEASE\GETDLLKERNEL32BASE.OBJ
C:\USERS\ADMINISTRATOR\DESKTOP\LITTLEBEARDLL_SERVER\LITTLEBEARDLL\RELEASE\GETINFORMATION.OBJ
C:\USERS\ADMINISTRATOR\DESKTOP\LITTLEBEARDLL_SERVER\LITTLEBEARDLL\RELEASE\INJECTDLL.OBJ
C:\USERS\ADMINISTRATOR\DESKTOP\LITTLEBEARDLL_SERVER\LITTLEBEARDLL\RELEASE\JNCFTROJANFUNC.OBJ
C:\USERS\ADMINISTRATOR\DESKTOP\LITTLEBEARDLL_SERVER\LITTLEBEARDLL\RELEASE\KEYBOARD.OBJ
C:\USERS\ADMINISTRATOR\DESKTOP\LITTLEBEARDLL_SERVER\LITTLEBEARDLL\RELEASE\LIBEAY32_VC90.OBJ
C:\USERS\ADMINISTRATOR\DESKTOP\LITTLEBEARDLL_SERVER\LITTLEBEARDLL\RELEASE\LIBHTTP.DLL.INTERMEDIATE.MANIFEST
C:\USERS\ADMINISTRATOR\DESKTOP\LITTLEBEARDLL_SERVER\LITTLEBEARDLL\RELEASE\LIBHTTP.OBJ
C:\Users\Administrator\Desktop\LittleBearDll_Server\LittleBearDll\Release\link.command.1.tlog
C:\Users\Administrator\Desktop\LittleBearDll_Server\LittleBearDll\Release\link.read.1.tlog
C:\Users\Administrator\Desktop\LittleBearDll_Server\LittleBearDll\Release\link.write.1.tlog
C:\Users\Administrator\Desktop\LittleBearDll_Server\LittleBearDll\Release\link-cvtres.read.1.tlog
C:\Users\Administrator\Desktop\LittleBearDll_Server\LittleBearDll\Release\link-cvtres.write.1.tlog
C:\USERS\ADMINISTRATOR\DESKTOP\LITTLEBEARDLL_SERVER\LITTLEBEARDLL\RELEASE\LITTLEBEAR.RES
C:\USERS\ADMINISTRATOR\DESKTOP\LITTLEBEARDLL_SERVER\LITTLEBEARDLL\RELEASE\LITTLEBEARDLL.OBJ
C:\Users\Administrator\Desktop\LittleBearDll_Server\LittleBearDll\Release\LittleBearDll.write.1.tlog
C:\USERS\ADMINISTRATOR\DESKTOP\LITTLEBEARDLL_SERVER\LITTLEBEARDLL\RELEASE\LNKPROC.OBJ
C:\USERS\ADMINISTRATOR\DESKTOP\LITTLEBEARDLL_SERVER\LITTLEBEARDLL\RELEASE\MOZGLUE.OBJ
C:\Users\Administrator\Desktop\LittleBearDll_Server\LittleBearDll\Release\mt.command.1.tlog
C:\Users\Administrator\Desktop\LittleBearDll_Server\LittleBearDll\Release\mt.read.1.tlog
C:\Users\Administrator\Desktop\LittleBearDll_Server\LittleBearDll\Release\mt.write.1.tlog
C:\USERS\ADMINISTRATOR\DESKTOP\LITTLEBEARDLL_SERVER\LITTLEBEARDLL\RELEASE\NETWORK.OBJ
C:\USERS\ADMINISTRATOR\DESKTOP\LITTLEBEARDLL_SERVER\LITTLEBEARDLL\RELEASE\PUBLICVAR.OBJ
C:\Users\Administrator\Desktop\LittleBearDll_Server\LittleBearDll\Release\rc.command.1.tlog
C:\Users\Administrator\Desktop\LittleBearDll_Server\LittleBearDll\Release\rc.read.1.tlog
C:\Users\Administrator\Desktop\LittleBearDll_Server\LittleBearDll\Release\rc.write.1.tlog
C:\USERS\ADMINISTRATOR\DESKTOP\LITTLEBEARDLL_SERVER\LITTLEBEARDLL\RELEASE\RUNCMD.OBJ
C:\USERS\ADMINISTRATOR\DESKTOP\LITTLEBEARDLL_SERVER\LITTLEBEARDLL\RELEASE\SCREENSNAPSHOT.OBJ
C:\USERS\ADMINISTRATOR\DESKTOP\LITTLEBEARDLL_SERVER\LITTLEBEARDLL\RELEASE\SCREENVIDEO.OBJ
C:\USERS\ADMINISTRATOR\DESKTOP\LITTLEBEARDLL_SERVER\LITTLEBEARDLL\RELEASE\SOUNDRECORD.OBJ
C:\USERS\ADMINISTRATOR\DESKTOP\LITTLEBEARDLL_SERVER\LITTLEBEARDLL\RELEASE\VC100.PDB
C:\USERS\ADMINISTRATOR\DESKTOP\LITTLEBEARDLL_SERVER\LITTLEBEARDLL\RELEASE\VERSIONWIN7.OBJ
C:\USERS\ADMINISTRATOR\DESKTOP\LITTLEBEARDLL_SERVER\LITTLEBEARDLL\RELEASE\VERSIONXP.OBJ
C:\USERS\ADMINISTRATOR\DESKTOP\LITTLEBEARDLL_SERVER\LITTLEBEARDLL\RELEASE\VIDEOSDK.OBJ
C:\USERS\ADMINISTRATOR\DESKTOP\LITTLEBEARDLL_SERVER\RELEASE\LIBHTTP.DLL
C:\Users\Administrator\Desktop\LittleBearDll_Server\Release\libhttp.exp
C:\Users\Administrator\Desktop\LittleBearDll_Server\Release\libhttp.lib
C:\USERS\ADMINISTRATOR\DESKTOP\LITTLEBEARDLL_SERVER\RELEASE\LIBHTTP.PDB
