D:\MICROSOFT VISUAL STUDIO 10.0\VSPROJECT\LITTLEBEARDLL_LAST\LITTLEBEARDLL\RELEASE\APPSCREENSNAPSHOT.OBJ
D:\MICROSOFT VISUAL STUDIO 10.0\VSPROJECT\LITTLEBEARDLL_LAST\LITTLEBEARDLL\RELEASE\BOOTAUTORUN.OBJ
D:\MICROSOFT VISUAL STUDIO 10.0\VSPROJECT\LITTLEBEARDLL_LAST\LITTLEBEARDLL\RELEASE\CAMERACAPTURE.OBJ
D:\Microsoft Visual Studio 10.0\VSProject\LittleBearDll_last\LittleBearDll\Release\cl.command.1.tlog
D:\Microsoft Visual Studio 10.0\VSProject\LittleBearDll_last\LittleBearDll\Release\CL.read.1.tlog
D:\Microsoft Visual Studio 10.0\VSProject\LittleBearDll_last\LittleBearDll\Release\CL.write.1.tlog
D:\MICROSOFT VISUAL STUDIO 10.0\VSPROJECT\LITTLEBEARDLL_LAST\LITTLEBEARDLL\RELEASE\DISKFILE.OBJ
D:\MICROSOFT VISUAL STUDIO 10.0\VSPROJECT\LITTLEBEARDLL_LAST\LITTLEBEARDLL\RELEASE\GETANTIVIRUSSOFTINFO.OBJ
D:\MICROSOFT VISUAL STUDIO 10.0\VSPROJECT\LITTLEBEARDLL_LAST\LITTLEBEARDLL\RELEASE\GETCLIPBOARD.OBJ
D:\MICROSOFT VISUAL STUDIO 10.0\VSPROJECT\LITTLEBEARDLL_LAST\LITTLEBEARDLL\RELEASE\GETDLLKERNEL32BASE.OBJ
D:\MICROSOFT VISUAL STUDIO 10.0\VSPROJECT\LITTLEBEARDLL_LAST\LITTLEBEARDLL\RELEASE\GETINFORMATION.OBJ
D:\MICROSOFT VISUAL STUDIO 10.0\VSPROJECT\LITTLEBEARDLL_LAST\LITTLEBEARDLL\RELEASE\JNCFTROJANFUNC.OBJ
D:\MICROSOFT VISUAL STUDIO 10.0\VSPROJECT\LITTLEBEARDLL_LAST\LITTLEBEARDLL\RELEASE\KEYBOARD.OBJ
D:\Microsoft Visual Studio 10.0\VSProject\LittleBearDll_last\LittleBearDll\Release\link.command.1.tlog
D:\Microsoft Visual Studio 10.0\VSProject\LittleBearDll_last\LittleBearDll\Release\link.read.1.tlog
D:\Microsoft Visual Studio 10.0\VSProject\LittleBearDll_last\LittleBearDll\Release\link.write.1.tlog
D:\Microsoft Visual Studio 10.0\VSProject\LittleBearDll_last\LittleBearDll\Release\link-cvtres.read.1.tlog
D:\Microsoft Visual Studio 10.0\VSProject\LittleBearDll_last\LittleBearDll\Release\link-cvtres.write.1.tlog
D:\MICROSOFT VISUAL STUDIO 10.0\VSPROJECT\LITTLEBEARDLL_LAST\LITTLEBEARDLL\RELEASE\LITTLEBEAR.RES
D:\MICROSOFT VISUAL STUDIO 10.0\VSPROJECT\LITTLEBEARDLL_LAST\LITTLEBEARDLL\RELEASE\LITTLEBEARDLL.OBJ
D:\Microsoft Visual Studio 10.0\VSProject\LittleBearDll_last\LittleBearDll\Release\LittleBearDll.vcxprojResolveAssemblyReference.cache
D:\Microsoft Visual Studio 10.0\VSProject\LittleBearDll_last\LittleBearDll\Release\LittleBearDll.write.1.tlog
D:\MICROSOFT VISUAL STUDIO 10.0\VSPROJECT\LITTLEBEARDLL_LAST\LITTLEBEARDLL\RELEASE\MAG_HOOK.DLL.INTERMEDIATE.MANIFEST
D:\Microsoft Visual Studio 10.0\VSProject\LittleBearDll_last\LittleBearDll\Release\mt.command.1.tlog
D:\Microsoft Visual Studio 10.0\VSProject\LittleBearDll_last\LittleBearDll\Release\mt.read.1.tlog
D:\Microsoft Visual Studio 10.0\VSProject\LittleBearDll_last\LittleBearDll\Release\mt.write.1.tlog
D:\MICROSOFT VISUAL STUDIO 10.0\VSPROJECT\LITTLEBEARDLL_LAST\LITTLEBEARDLL\RELEASE\PUBLICVAR.OBJ
D:\Microsoft Visual Studio 10.0\VSProject\LittleBearDll_last\LittleBearDll\Release\rc.command.1.tlog
D:\Microsoft Visual Studio 10.0\VSProject\LittleBearDll_last\LittleBearDll\Release\rc.read.1.tlog
D:\Microsoft Visual Studio 10.0\VSProject\LittleBearDll_last\LittleBearDll\Release\rc.write.1.tlog
D:\MICROSOFT VISUAL STUDIO 10.0\VSPROJECT\LITTLEBEARDLL_LAST\LITTLEBEARDLL\RELEASE\RUNCMD.OBJ
D:\MICROSOFT VISUAL STUDIO 10.0\VSPROJECT\LITTLEBEARDLL_LAST\LITTLEBEARDLL\RELEASE\SCREENSNAPSHOT.OBJ
D:\MICROSOFT VISUAL STUDIO 10.0\VSPROJECT\LITTLEBEARDLL_LAST\LITTLEBEARDLL\RELEASE\SCREENVIDEO.OBJ
D:\MICROSOFT VISUAL STUDIO 10.0\VSPROJECT\LITTLEBEARDLL_LAST\LITTLEBEARDLL\RELEASE\SOUNDRECORD.OBJ
D:\MICROSOFT VISUAL STUDIO 10.0\VSPROJECT\LITTLEBEARDLL_LAST\LITTLEBEARDLL\RELEASE\VC100.PDB
D:\MICROSOFT VISUAL STUDIO 10.0\VSPROJECT\LITTLEBEARDLL_LAST\LITTLEBEARDLL\RELEASE\VERSION.OBJ
D:\MICROSOFT VISUAL STUDIO 10.0\VSPROJECT\LITTLEBEARDLL_LAST\RELEASE\MAG_HOOK.DLL
D:\Microsoft Visual Studio 10.0\VSProject\LittleBearDll_last\Release\mag_hook.exp
D:\Microsoft Visual Studio 10.0\VSProject\LittleBearDll_last\Release\mag_hook.lib
D:\MICROSOFT VISUAL STUDIO 10.0\VSPROJECT\LITTLEBEARDLL_LAST\RELEASE\MAG_HOOK.PDB
