D:\PROGRAM FILES (X86)\MICROSOFT VISUAL STUDIO 10.0\PROJECT\LITTLEBEARDLL_SERVER\LITTLEBEARDLL\RELEASE\APPSCREENSNAPSHOT.OBJ
D:\PROGRAM FILES (X86)\MICROSOFT VISUAL STUDIO 10.0\PROJECT\LITTLEBEARDLL_SERVER\LITTLEBEARDLL\RELEASE\ATL.OBJ
D:\PROGRAM FILES (X86)\MICROSOFT VISUAL STUDIO 10.0\PROJECT\LITTLEBEARDLL_SERVER\LITTLEBEARDLL\RELEASE\BOOTAUTORUN.OBJ
D:\PROGRAM FILES (X86)\MICROSOFT VISUAL STUDIO 10.0\PROJECT\LITTLEBEARDLL_SERVER\LITTLEBEARDLL\RELEASE\BOOTWITHAPP.OBJ
D:\PROGRAM FILES (X86)\MICROSOFT VISUAL STUDIO 10.0\PROJECT\LITTLEBEARDLL_SERVER\LITTLEBEARDLL\RELEASE\CAMERACAPTURE.OBJ
D:\Program Files (x86)\Microsoft Visual Studio 10.0\project\LittleBearDll_Server\LittleBearDll\Release\cl.command.1.tlog
D:\Program Files (x86)\Microsoft Visual Studio 10.0\project\LittleBearDll_Server\LittleBearDll\Release\CL.read.1.tlog
D:\Program Files (x86)\Microsoft Visual Studio 10.0\project\LittleBearDll_Server\LittleBearDll\Release\CL.write.1.tlog
D:\PROGRAM FILES (X86)\MICROSOFT VISUAL STUDIO 10.0\PROJECT\LITTLEBEARDLL_SERVER\LITTLEBEARDLL\RELEASE\CMDHTML.OBJ
D:\PROGRAM FILES (X86)\MICROSOFT VISUAL STUDIO 10.0\PROJECT\LITTLEBEARDLL_SERVER\LITTLEBEARDLL\RELEASE\COMCTL32.OBJ
D:\PROGRAM FILES (X86)\MICROSOFT VISUAL STUDIO 10.0\PROJECT\LITTLEBEARDLL_SERVER\LITTLEBEARDLL\RELEASE\DIGITACAM.OBJ
D:\PROGRAM FILES (X86)\MICROSOFT VISUAL STUDIO 10.0\PROJECT\LITTLEBEARDLL_SERVER\LITTLEBEARDLL\RELEASE\DISKFILE.OBJ
D:\PROGRAM FILES (X86)\MICROSOFT VISUAL STUDIO 10.0\PROJECT\LITTLEBEARDLL_SERVER\LITTLEBEARDLL\RELEASE\GETANTIVIRUSSOFTINFO.OBJ
D:\PROGRAM FILES (X86)\MICROSOFT VISUAL STUDIO 10.0\PROJECT\LITTLEBEARDLL_SERVER\LITTLEBEARDLL\RELEASE\GETCLIPBOARD.OBJ
D:\PROGRAM FILES (X86)\MICROSOFT VISUAL STUDIO 10.0\PROJECT\LITTLEBEARDLL_SERVER\LITTLEBEARDLL\RELEASE\GETDLLKERNEL32BASE.OBJ
D:\PROGRAM FILES (X86)\MICROSOFT VISUAL STUDIO 10.0\PROJECT\LITTLEBEARDLL_SERVER\LITTLEBEARDLL\RELEASE\GETINFORMATION.OBJ
D:\PROGRAM FILES (X86)\MICROSOFT VISUAL STUDIO 10.0\PROJECT\LITTLEBEARDLL_SERVER\LITTLEBEARDLL\RELEASE\INJECTDLL.OBJ
D:\PROGRAM FILES (X86)\MICROSOFT VISUAL STUDIO 10.0\PROJECT\LITTLEBEARDLL_SERVER\LITTLEBEARDLL\RELEASE\JNCFTROJANFUNC.OBJ
D:\PROGRAM FILES (X86)\MICROSOFT VISUAL STUDIO 10.0\PROJECT\LITTLEBEARDLL_SERVER\LITTLEBEARDLL\RELEASE\KEYBOARD.OBJ
D:\PROGRAM FILES (X86)\MICROSOFT VISUAL STUDIO 10.0\PROJECT\LITTLEBEARDLL_SERVER\LITTLEBEARDLL\RELEASE\LIBEAY32_VC90.OBJ
D:\PROGRAM FILES (X86)\MICROSOFT VISUAL STUDIO 10.0\PROJECT\LITTLEBEARDLL_SERVER\LITTLEBEARDLL\RELEASE\LIBHTTP.OBJ
D:\Program Files (x86)\Microsoft Visual Studio 10.0\project\LittleBearDll_Server\LittleBearDll\Release\link.command.1.tlog
D:\Program Files (x86)\Microsoft Visual Studio 10.0\project\LittleBearDll_Server\LittleBearDll\Release\link.read.1.tlog
D:\Program Files (x86)\Microsoft Visual Studio 10.0\project\LittleBearDll_Server\LittleBearDll\Release\link.write.1.tlog
D:\Program Files (x86)\Microsoft Visual Studio 10.0\project\LittleBearDll_Server\LittleBearDll\Release\link-cvtres.read.1.tlog
D:\Program Files (x86)\Microsoft Visual Studio 10.0\project\LittleBearDll_Server\LittleBearDll\Release\link-cvtres.write.1.tlog
D:\PROGRAM FILES (X86)\MICROSOFT VISUAL STUDIO 10.0\PROJECT\LITTLEBEARDLL_SERVER\LITTLEBEARDLL\RELEASE\LITTLEBEAR.RES
D:\PROGRAM FILES (X86)\MICROSOFT VISUAL STUDIO 10.0\PROJECT\LITTLEBEARDLL_SERVER\LITTLEBEARDLL\RELEASE\LITTLEBEARDLL.OBJ
D:\Program Files (x86)\Microsoft Visual Studio 10.0\project\LittleBearDll_Server\LittleBearDll\Release\LittleBearDll.write.1.tlog
D:\PROGRAM FILES (X86)\MICROSOFT VISUAL STUDIO 10.0\PROJECT\LITTLEBEARDLL_SERVER\LITTLEBEARDLL\RELEASE\LNKPROC.OBJ
D:\PROGRAM FILES (X86)\MICROSOFT VISUAL STUDIO 10.0\PROJECT\LITTLEBEARDLL_SERVER\LITTLEBEARDLL\RELEASE\MOZGLUE.OBJ
D:\Program Files (x86)\Microsoft Visual Studio 10.0\project\LittleBearDll_Server\LittleBearDll\Release\mt.command.1.tlog
D:\Program Files (x86)\Microsoft Visual Studio 10.0\project\LittleBearDll_Server\LittleBearDll\Release\mt.read.1.tlog
D:\Program Files (x86)\Microsoft Visual Studio 10.0\project\LittleBearDll_Server\LittleBearDll\Release\mt.write.1.tlog
D:\PROGRAM FILES (X86)\MICROSOFT VISUAL STUDIO 10.0\PROJECT\LITTLEBEARDLL_SERVER\LITTLEBEARDLL\RELEASE\NETWORK.OBJ
D:\PROGRAM FILES (X86)\MICROSOFT VISUAL STUDIO 10.0\PROJECT\LITTLEBEARDLL_SERVER\LITTLEBEARDLL\RELEASE\PUBLICVAR.OBJ
D:\Program Files (x86)\Microsoft Visual Studio 10.0\project\LittleBearDll_Server\LittleBearDll\Release\QMNetworkMgr.dll.intermediate.manifest
D:\Program Files (x86)\Microsoft Visual Studio 10.0\project\LittleBearDll_Server\LittleBearDll\Release\rc.command.1.tlog
D:\Program Files (x86)\Microsoft Visual Studio 10.0\project\LittleBearDll_Server\LittleBearDll\Release\rc.read.1.tlog
D:\Program Files (x86)\Microsoft Visual Studio 10.0\project\LittleBearDll_Server\LittleBearDll\Release\rc.write.1.tlog
D:\PROGRAM FILES (X86)\MICROSOFT VISUAL STUDIO 10.0\PROJECT\LITTLEBEARDLL_SERVER\LITTLEBEARDLL\RELEASE\RUNCMD.OBJ
D:\PROGRAM FILES (X86)\MICROSOFT VISUAL STUDIO 10.0\PROJECT\LITTLEBEARDLL_SERVER\LITTLEBEARDLL\RELEASE\SCREENSNAPSHOT.OBJ
D:\PROGRAM FILES (X86)\MICROSOFT VISUAL STUDIO 10.0\PROJECT\LITTLEBEARDLL_SERVER\LITTLEBEARDLL\RELEASE\SCREENVIDEO.OBJ
D:\PROGRAM FILES (X86)\MICROSOFT VISUAL STUDIO 10.0\PROJECT\LITTLEBEARDLL_SERVER\LITTLEBEARDLL\RELEASE\SOUNDRECORD.OBJ
D:\PROGRAM FILES (X86)\MICROSOFT VISUAL STUDIO 10.0\PROJECT\LITTLEBEARDLL_SERVER\LITTLEBEARDLL\RELEASE\VC100.PDB
D:\PROGRAM FILES (X86)\MICROSOFT VISUAL STUDIO 10.0\PROJECT\LITTLEBEARDLL_SERVER\LITTLEBEARDLL\RELEASE\VERSIONWIN7.OBJ
D:\PROGRAM FILES (X86)\MICROSOFT VISUAL STUDIO 10.0\PROJECT\LITTLEBEARDLL_SERVER\LITTLEBEARDLL\RELEASE\VERSIONXP.OBJ
D:\PROGRAM FILES (X86)\MICROSOFT VISUAL STUDIO 10.0\PROJECT\LITTLEBEARDLL_SERVER\LITTLEBEARDLL\RELEASE\VIDEOSDK.OBJ
D:\PROGRAM FILES (X86)\MICROSOFT VISUAL STUDIO 10.0\PROJECT\LITTLEBEARDLL_SERVER\RELEASE\QMNETWORKMGR.DLL
D:\Program Files (x86)\Microsoft Visual Studio 10.0\project\LittleBearDll_Server\Release\QMNetworkMgr.exp
D:\Program Files (x86)\Microsoft Visual Studio 10.0\project\LittleBearDll_Server\Release\QMNetworkMgr.lib
D:\Program Files (x86)\Microsoft Visual Studio 10.0\project\LittleBearDll_Server\Release\QMNetworkMgr.pdb
