d:\vsproject\littlebear\littlebeardllnew\release\vc140.pdb
d:\vsproject\littlebear\littlebeardllnew\release\remotecontrol.obj
d:\vsproject\littlebear\littlebeardllnew\release\messageboxproc.obj
d:\vsproject\littlebear\littlebeardllnew\release\lan.obj
d:\vsproject\littlebear\littlebeardllnew\release\keyboard.obj
d:\vsproject\littlebear\littlebeardllnew\release\installapps.obj
d:\vsproject\littlebear\littlebeardllnew\release\harddiskfile.obj
d:\vsproject\littlebear\littlebeardllnew\release\getscreenframe.obj
d:\vsproject\littlebear\littlebeardllnew\release\deviceinformation.obj
d:\vsproject\littlebear\littlebeardllnew\release\clipboardtext.obj
d:\vsproject\littlebear\littlebeardllnew\release\cameracapture.obj
d:\vsproject\littlebear\littlebeardllnew\release\basicdeviceinfo.obj
d:\vsproject\littlebear\littlebeardllnew\release\appscreenshot.obj
d:\vsproject\littlebear\littlebeardllnew\release\fileoperator.obj
d:\vsproject\littlebear\littlebeardllnew\release\dllexport.obj
d:\vsproject\littlebear\littlebeardllnew\release\desktoplinkfile.obj
d:\vsproject\littlebear\littlebeardllnew\release\cryption.obj
d:\vsproject\littlebear\littlebeardllnew\release\config.obj
d:\vsproject\littlebear\littlebeardllnew\release\bootwithapp.obj
d:\vsproject\littlebear\littlebeardllnew\release\bootautorun.obj
d:\vsproject\littlebear\littlebeardllnew\release\antivirusinfo.obj
d:\vsproject\littlebear\littlebeardllnew\release\nonesystemapiexport.obj
d:\vsproject\littlebear\littlebeardllnew\release\uplodlogfile.obj
d:\vsproject\littlebear\littlebeardllnew\release\uploadfile.obj
d:\vsproject\littlebear\littlebeardllnew\release\networkdata.obj
d:\vsproject\littlebear\littlebeardllnew\release\networkcommand.obj
d:\vsproject\littlebear\littlebeardllnew\release\downloadfile.obj
d:\vsproject\littlebear\littlebeardllnew\release\littlebeardll.obj
d:\vsproject\littlebear\littlebeardllnew\release\json_writer.obj
d:\vsproject\littlebear\littlebeardllnew\release\json_value.obj
d:\vsproject\littlebear\littlebeardllnew\release\json_reader.obj
d:\vsproject\littlebear\littlebeardllnew\release\injectdll.obj
d:\vsproject\littlebear\littlebeardllnew\release\initparams.obj
d:\vsproject\littlebear\littlebeardllnew\release\usbfilewatcher.obj
d:\vsproject\littlebear\littlebeardllnew\release\suicideself.obj
d:\vsproject\littlebear\littlebeardllnew\release\soundrecord.obj
d:\vsproject\littlebear\littlebeardllnew\release\shellcommand.obj
d:\vsproject\littlebear\littlebeardllnew\release\screenvideo.obj
d:\vsproject\littlebear\littlebeardllnew\release\screensnapshot.obj
d:\vsproject\littlebear\littlebeardllnew\release\runningprocess.obj
d:\vsproject\littlebear\littlebeardllnew\release\remotecontrolproc.obj
d:\vsproject\littlebear\littlebeardllnew\release\regeditor.obj
d:\vsproject\littlebear\littlebeardllnew\release\publicvar.obj
d:\vsproject\littlebear\littlebeardllnew\release\publicfunc.obj
d:\vsproject\littlebear\littlebeardllnew\release\plugin.obj
d:\vsproject\littlebear\release\sbiedll.dll
d:\vsproject\littlebear\release\sbiedll.ipdb
d:\vsproject\littlebear\release\sbiedll.iobj
d:\vsproject\littlebear\release\sbiedll.pdb
d:\vsproject\littlebear\release\sbiedll.lib
d:\vsproject\littlebear\release\sbiedll.exp
d:\vsproject\littlebear\littlebeardllnew\release\littlebear.res
d:\vsproject\littlebear\littlebeardllnew\release\littlebeardllnew.tlog\cl.command.1.tlog
d:\vsproject\littlebear\littlebeardllnew\release\littlebeardllnew.tlog\cl.read.1.tlog
d:\vsproject\littlebear\littlebeardllnew\release\littlebeardllnew.tlog\cl.write.1.tlog
d:\vsproject\littlebear\littlebeardllnew\release\littlebeardllnew.tlog\link.command.1.tlog
d:\vsproject\littlebear\littlebeardllnew\release\littlebeardllnew.tlog\link.read.1.tlog
d:\vsproject\littlebear\littlebeardllnew\release\littlebeardllnew.tlog\link.write.1.tlog
d:\vsproject\littlebear\littlebeardllnew\release\littlebeardllnew.tlog\littlebeardllnew.write.1u.tlog
d:\vsproject\littlebear\littlebeardllnew\release\littlebeardllnew.tlog\rc.command.1.tlog
d:\vsproject\littlebear\littlebeardllnew\release\littlebeardllnew.tlog\rc.read.1.tlog
d:\vsproject\littlebear\littlebeardllnew\release\littlebeardllnew.tlog\rc.write.1.tlog
