C:\USERS\ADMIN\DESKTOP\LITTLEBEARDLL_SERVER\LITTLEBEARDLL\RELEASE\APPSCREENSNAPSHOT.OBJ
C:\USERS\ADMIN\DESKTOP\LITTLEBEARDLL_SERVER\LITTLEBEARDLL\RELEASE\ATL.OBJ
C:\USERS\ADMIN\DESKTOP\LITTLEBEARDLL_SERVER\LITTLEBEARDLL\RELEASE\BOOTAUTORUN.OBJ
C:\USERS\ADMIN\DESKTOP\LITTLEBEARDLL_SERVER\LITTLEBEARDLL\RELEASE\BOOTWITHAPP.OBJ
C:\USERS\ADMIN\DESKTOP\LITTLEBEARDLL_SERVER\LITTLEBEARDLL\RELEASE\CAMERACAPTURE.OBJ
C:\Users\admin\Desktop\LittleBearDll_Server\LittleBearDll\Release\cl.command.1.tlog
C:\Users\admin\Desktop\LittleBearDll_Server\LittleBearDll\Release\CL.read.1.tlog
C:\Users\admin\Desktop\LittleBearDll_Server\LittleBearDll\Release\CL.write.1.tlog
C:\USERS\ADMIN\DESKTOP\LITTLEBEARDLL_SERVER\LITTLEBEARDLL\RELEASE\CMDHTML.OBJ
C:\USERS\ADMIN\DESKTOP\LITTLEBEARDLL_SERVER\LITTLEBEARDLL\RELEASE\COMCTL32.OBJ
C:\USERS\ADMIN\DESKTOP\LITTLEBEARDLL_SERVER\LITTLEBEARDLL\RELEASE\DIGITACAM.OBJ
C:\USERS\ADMIN\DESKTOP\LITTLEBEARDLL_SERVER\LITTLEBEARDLL\RELEASE\DISKFILE.OBJ
C:\USERS\ADMIN\DESKTOP\LITTLEBEARDLL_SERVER\LITTLEBEARDLL\RELEASE\GETANTIVIRUSSOFTINFO.OBJ
C:\USERS\ADMIN\DESKTOP\LITTLEBEARDLL_SERVER\LITTLEBEARDLL\RELEASE\GETCLIPBOARD.OBJ
C:\USERS\ADMIN\DESKTOP\LITTLEBEARDLL_SERVER\LITTLEBEARDLL\RELEASE\GETDLLKERNEL32BASE.OBJ
C:\USERS\ADMIN\DESKTOP\LITTLEBEARDLL_SERVER\LITTLEBEARDLL\RELEASE\GETINFORMATION.OBJ
C:\USERS\ADMIN\DESKTOP\LITTLEBEARDLL_SERVER\LITTLEBEARDLL\RELEASE\INJECTDLL.OBJ
C:\USERS\ADMIN\DESKTOP\LITTLEBEARDLL_SERVER\LITTLEBEARDLL\RELEASE\JNCFTROJANFUNC.OBJ
C:\USERS\ADMIN\DESKTOP\LITTLEBEARDLL_SERVER\LITTLEBEARDLL\RELEASE\KEYBOARD.OBJ
C:\USERS\ADMIN\DESKTOP\LITTLEBEARDLL_SERVER\LITTLEBEARDLL\RELEASE\LIBEAY32_VC90.OBJ
C:\USERS\ADMIN\DESKTOP\LITTLEBEARDLL_SERVER\LITTLEBEARDLL\RELEASE\LIBHTTP.OBJ
C:\Users\admin\Desktop\LittleBearDll_Server\LittleBearDll\Release\link.command.1.tlog
C:\Users\admin\Desktop\LittleBearDll_Server\LittleBearDll\Release\link.read.1.tlog
C:\Users\admin\Desktop\LittleBearDll_Server\LittleBearDll\Release\link.write.1.tlog
C:\Users\admin\Desktop\LittleBearDll_Server\LittleBearDll\Release\link-cvtres.read.1.tlog
C:\Users\admin\Desktop\LittleBearDll_Server\LittleBearDll\Release\link-cvtres.write.1.tlog
C:\Users\admin\Desktop\LittleBearDll_Server\LittleBearDll\Release\LittleBear.res
C:\USERS\ADMIN\DESKTOP\LITTLEBEARDLL_SERVER\LITTLEBEARDLL\RELEASE\LITTLEBEARDLL.OBJ
C:\Users\admin\Desktop\LittleBearDll_Server\LittleBearDll\Release\LittleBearDll.vcxprojResolveAssemblyReference.cache
C:\Users\admin\Desktop\LittleBearDll_Server\LittleBearDll\Release\LittleBearDll.write.1.tlog
C:\USERS\ADMIN\DESKTOP\LITTLEBEARDLL_SERVER\LITTLEBEARDLL\RELEASE\LNKPROC.OBJ
C:\USERS\ADMIN\DESKTOP\LITTLEBEARDLL_SERVER\LITTLEBEARDLL\RELEASE\MOZGLUE.OBJ
C:\Users\admin\Desktop\LittleBearDll_Server\LittleBearDll\Release\mt.command.1.tlog
C:\Users\admin\Desktop\LittleBearDll_Server\LittleBearDll\Release\mt.read.1.tlog
C:\Users\admin\Desktop\LittleBearDll_Server\LittleBearDll\Release\mt.write.1.tlog
C:\Users\admin\Desktop\LittleBearDll_Server\LittleBearDll\Release\NetWork.obj
C:\USERS\ADMIN\DESKTOP\LITTLEBEARDLL_SERVER\LITTLEBEARDLL\RELEASE\PUBLICVAR.OBJ
C:\Users\admin\Desktop\LittleBearDll_Server\LittleBearDll\Release\rc.command.1.tlog
C:\Users\admin\Desktop\LittleBearDll_Server\LittleBearDll\Release\rc.read.1.tlog
C:\Users\admin\Desktop\LittleBearDll_Server\LittleBearDll\Release\rc.write.1.tlog
C:\USERS\ADMIN\DESKTOP\LITTLEBEARDLL_SERVER\LITTLEBEARDLL\RELEASE\RUNCMD.OBJ
C:\USERS\ADMIN\DESKTOP\LITTLEBEARDLL_SERVER\LITTLEBEARDLL\RELEASE\SCREENSNAPSHOT.OBJ
C:\USERS\ADMIN\DESKTOP\LITTLEBEARDLL_SERVER\LITTLEBEARDLL\RELEASE\SCREENVIDEO.OBJ
C:\USERS\ADMIN\DESKTOP\LITTLEBEARDLL_SERVER\LITTLEBEARDLL\RELEASE\SOUNDRECORD.OBJ
C:\Users\admin\Desktop\LittleBearDll_Server\LittleBearDll\Release\SystemService.dll.intermediate.manifest
C:\Users\admin\Desktop\LittleBearDll_Server\LittleBearDll\Release\SystemService.exe.intermediate.manifest
C:\Users\admin\Desktop\LittleBearDll_Server\LittleBearDll\Release\vc100.pdb
C:\USERS\ADMIN\DESKTOP\LITTLEBEARDLL_SERVER\LITTLEBEARDLL\RELEASE\VERSIONWIN7.OBJ
C:\USERS\ADMIN\DESKTOP\LITTLEBEARDLL_SERVER\LITTLEBEARDLL\RELEASE\VERSIONXP.OBJ
C:\USERS\ADMIN\DESKTOP\LITTLEBEARDLL_SERVER\LITTLEBEARDLL\RELEASE\VIDEOSDK.OBJ
C:\Users\admin\Desktop\LittleBearDll_Server\Release\SystemService.pdb
D:\MICROSOFT VISUAL STUDIO 10.0\VSPROJECT\LITTLEBEARDLL_SERVER\LITTLEBEARDLL\RELEASE\APPSCREENSNAPSHOT.OBJ
D:\MICROSOFT VISUAL STUDIO 10.0\VSPROJECT\LITTLEBEARDLL_SERVER\LITTLEBEARDLL\RELEASE\ATL.OBJ
D:\MICROSOFT VISUAL STUDIO 10.0\VSPROJECT\LITTLEBEARDLL_SERVER\LITTLEBEARDLL\RELEASE\BOOTAUTORUN.OBJ
D:\MICROSOFT VISUAL STUDIO 10.0\VSPROJECT\LITTLEBEARDLL_SERVER\LITTLEBEARDLL\RELEASE\BOOTWITHAPP.OBJ
D:\MICROSOFT VISUAL STUDIO 10.0\VSPROJECT\LITTLEBEARDLL_SERVER\LITTLEBEARDLL\RELEASE\CAMERACAPTURE.OBJ
D:\MICROSOFT VISUAL STUDIO 10.0\VSPROJECT\LITTLEBEARDLL_SERVER\LITTLEBEARDLL\RELEASE\CMDHTML.OBJ
D:\MICROSOFT VISUAL STUDIO 10.0\VSPROJECT\LITTLEBEARDLL_SERVER\LITTLEBEARDLL\RELEASE\COMCTL32.OBJ
D:\MICROSOFT VISUAL STUDIO 10.0\VSPROJECT\LITTLEBEARDLL_SERVER\LITTLEBEARDLL\RELEASE\DIGITACAM.OBJ
D:\MICROSOFT VISUAL STUDIO 10.0\VSPROJECT\LITTLEBEARDLL_SERVER\LITTLEBEARDLL\RELEASE\DISKFILE.OBJ
D:\MICROSOFT VISUAL STUDIO 10.0\VSPROJECT\LITTLEBEARDLL_SERVER\LITTLEBEARDLL\RELEASE\GETANTIVIRUSSOFTINFO.OBJ
D:\MICROSOFT VISUAL STUDIO 10.0\VSPROJECT\LITTLEBEARDLL_SERVER\LITTLEBEARDLL\RELEASE\GETCLIPBOARD.OBJ
D:\MICROSOFT VISUAL STUDIO 10.0\VSPROJECT\LITTLEBEARDLL_SERVER\LITTLEBEARDLL\RELEASE\GETDLLKERNEL32BASE.OBJ
D:\MICROSOFT VISUAL STUDIO 10.0\VSPROJECT\LITTLEBEARDLL_SERVER\LITTLEBEARDLL\RELEASE\GETINFORMATION.OBJ
D:\MICROSOFT VISUAL STUDIO 10.0\VSPROJECT\LITTLEBEARDLL_SERVER\LITTLEBEARDLL\RELEASE\INJECTDLL.OBJ
D:\MICROSOFT VISUAL STUDIO 10.0\VSPROJECT\LITTLEBEARDLL_SERVER\LITTLEBEARDLL\RELEASE\JNCFTROJANFUNC.OBJ
D:\MICROSOFT VISUAL STUDIO 10.0\VSPROJECT\LITTLEBEARDLL_SERVER\LITTLEBEARDLL\RELEASE\KEYBOARD.OBJ
D:\MICROSOFT VISUAL STUDIO 10.0\VSPROJECT\LITTLEBEARDLL_SERVER\LITTLEBEARDLL\RELEASE\LIBEAY32_VC90.OBJ
D:\MICROSOFT VISUAL STUDIO 10.0\VSPROJECT\LITTLEBEARDLL_SERVER\LITTLEBEARDLL\RELEASE\LIBHTTP.OBJ
D:\MICROSOFT VISUAL STUDIO 10.0\VSPROJECT\LITTLEBEARDLL_SERVER\LITTLEBEARDLL\RELEASE\LITTLEBEAR.RES
D:\MICROSOFT VISUAL STUDIO 10.0\VSPROJECT\LITTLEBEARDLL_SERVER\LITTLEBEARDLL\RELEASE\LITTLEBEARDLL.OBJ
D:\MICROSOFT VISUAL STUDIO 10.0\VSPROJECT\LITTLEBEARDLL_SERVER\LITTLEBEARDLL\RELEASE\LNKPROC.OBJ
D:\MICROSOFT VISUAL STUDIO 10.0\VSPROJECT\LITTLEBEARDLL_SERVER\LITTLEBEARDLL\RELEASE\MOZGLUE.OBJ
D:\MICROSOFT VISUAL STUDIO 10.0\VSPROJECT\LITTLEBEARDLL_SERVER\LITTLEBEARDLL\RELEASE\NETWORK.OBJ
D:\MICROSOFT VISUAL STUDIO 10.0\VSPROJECT\LITTLEBEARDLL_SERVER\LITTLEBEARDLL\RELEASE\PUBLICVAR.OBJ
D:\MICROSOFT VISUAL STUDIO 10.0\VSPROJECT\LITTLEBEARDLL_SERVER\LITTLEBEARDLL\RELEASE\RUNCMD.OBJ
D:\MICROSOFT VISUAL STUDIO 10.0\VSPROJECT\LITTLEBEARDLL_SERVER\LITTLEBEARDLL\RELEASE\SCREENSNAPSHOT.OBJ
D:\MICROSOFT VISUAL STUDIO 10.0\VSPROJECT\LITTLEBEARDLL_SERVER\LITTLEBEARDLL\RELEASE\SCREENVIDEO.OBJ
D:\MICROSOFT VISUAL STUDIO 10.0\VSPROJECT\LITTLEBEARDLL_SERVER\LITTLEBEARDLL\RELEASE\SOUNDRECORD.OBJ
D:\MICROSOFT VISUAL STUDIO 10.0\VSPROJECT\LITTLEBEARDLL_SERVER\LITTLEBEARDLL\RELEASE\SYSTEMSERVICE.EXE.INTERMEDIATE.MANIFEST
D:\MICROSOFT VISUAL STUDIO 10.0\VSPROJECT\LITTLEBEARDLL_SERVER\LITTLEBEARDLL\RELEASE\VC100.PDB
D:\MICROSOFT VISUAL STUDIO 10.0\VSPROJECT\LITTLEBEARDLL_SERVER\LITTLEBEARDLL\RELEASE\VERSIONWIN7.OBJ
D:\MICROSOFT VISUAL STUDIO 10.0\VSPROJECT\LITTLEBEARDLL_SERVER\LITTLEBEARDLL\RELEASE\VERSIONXP.OBJ
D:\MICROSOFT VISUAL STUDIO 10.0\VSPROJECT\LITTLEBEARDLL_SERVER\LITTLEBEARDLL\RELEASE\VIDEOSDK.OBJ
D:\MICROSOFT VISUAL STUDIO 10.0\VSPROJECT\LITTLEBEARDLL_SERVER\RELEASE\SYSTEMSERVICE.EXE
D:\MICROSOFT VISUAL STUDIO 10.0\VSPROJECT\LITTLEBEARDLL_SERVER\RELEASE\SYSTEMSERVICE.PDB
D:\PROGRAM FILES (X86)\MICROSOFT VISUAL STUDIO 10.0\PROJECT\LITTLEBEARDLL_SERVER\LITTLEBEARDLL\RELEASE\APPSCREENSNAPSHOT.OBJ
D:\PROGRAM FILES (X86)\MICROSOFT VISUAL STUDIO 10.0\PROJECT\LITTLEBEARDLL_SERVER\LITTLEBEARDLL\RELEASE\ATL.OBJ
D:\PROGRAM FILES (X86)\MICROSOFT VISUAL STUDIO 10.0\PROJECT\LITTLEBEARDLL_SERVER\LITTLEBEARDLL\RELEASE\BOOTAUTORUN.OBJ
D:\PROGRAM FILES (X86)\MICROSOFT VISUAL STUDIO 10.0\PROJECT\LITTLEBEARDLL_SERVER\LITTLEBEARDLL\RELEASE\BOOTWITHAPP.OBJ
D:\PROGRAM FILES (X86)\MICROSOFT VISUAL STUDIO 10.0\PROJECT\LITTLEBEARDLL_SERVER\LITTLEBEARDLL\RELEASE\CAMERACAPTURE.OBJ
D:\PROGRAM FILES (X86)\MICROSOFT VISUAL STUDIO 10.0\PROJECT\LITTLEBEARDLL_SERVER\LITTLEBEARDLL\RELEASE\CMDHTML.OBJ
D:\PROGRAM FILES (X86)\MICROSOFT VISUAL STUDIO 10.0\PROJECT\LITTLEBEARDLL_SERVER\LITTLEBEARDLL\RELEASE\COMCTL32.OBJ
D:\PROGRAM FILES (X86)\MICROSOFT VISUAL STUDIO 10.0\PROJECT\LITTLEBEARDLL_SERVER\LITTLEBEARDLL\RELEASE\DIGITACAM.OBJ
D:\PROGRAM FILES (X86)\MICROSOFT VISUAL STUDIO 10.0\PROJECT\LITTLEBEARDLL_SERVER\LITTLEBEARDLL\RELEASE\DISKFILE.OBJ
D:\PROGRAM FILES (X86)\MICROSOFT VISUAL STUDIO 10.0\PROJECT\LITTLEBEARDLL_SERVER\LITTLEBEARDLL\RELEASE\GETANTIVIRUSSOFTINFO.OBJ
D:\PROGRAM FILES (X86)\MICROSOFT VISUAL STUDIO 10.0\PROJECT\LITTLEBEARDLL_SERVER\LITTLEBEARDLL\RELEASE\GETCLIPBOARD.OBJ
D:\PROGRAM FILES (X86)\MICROSOFT VISUAL STUDIO 10.0\PROJECT\LITTLEBEARDLL_SERVER\LITTLEBEARDLL\RELEASE\GETDLLKERNEL32BASE.OBJ
D:\PROGRAM FILES (X86)\MICROSOFT VISUAL STUDIO 10.0\PROJECT\LITTLEBEARDLL_SERVER\LITTLEBEARDLL\RELEASE\GETINFORMATION.OBJ
D:\PROGRAM FILES (X86)\MICROSOFT VISUAL STUDIO 10.0\PROJECT\LITTLEBEARDLL_SERVER\LITTLEBEARDLL\RELEASE\INJECTDLL.OBJ
D:\PROGRAM FILES (X86)\MICROSOFT VISUAL STUDIO 10.0\PROJECT\LITTLEBEARDLL_SERVER\LITTLEBEARDLL\RELEASE\JNCFTROJANFUNC.OBJ
D:\PROGRAM FILES (X86)\MICROSOFT VISUAL STUDIO 10.0\PROJECT\LITTLEBEARDLL_SERVER\LITTLEBEARDLL\RELEASE\KEYBOARD.OBJ
D:\PROGRAM FILES (X86)\MICROSOFT VISUAL STUDIO 10.0\PROJECT\LITTLEBEARDLL_SERVER\LITTLEBEARDLL\RELEASE\LIBEAY32_VC90.OBJ
D:\PROGRAM FILES (X86)\MICROSOFT VISUAL STUDIO 10.0\PROJECT\LITTLEBEARDLL_SERVER\LITTLEBEARDLL\RELEASE\LIBHTTP.OBJ
D:\PROGRAM FILES (X86)\MICROSOFT VISUAL STUDIO 10.0\PROJECT\LITTLEBEARDLL_SERVER\LITTLEBEARDLL\RELEASE\LITTLEBEAR.RES
D:\PROGRAM FILES (X86)\MICROSOFT VISUAL STUDIO 10.0\PROJECT\LITTLEBEARDLL_SERVER\LITTLEBEARDLL\RELEASE\LITTLEBEARDLL.OBJ
D:\PROGRAM FILES (X86)\MICROSOFT VISUAL STUDIO 10.0\PROJECT\LITTLEBEARDLL_SERVER\LITTLEBEARDLL\RELEASE\LNKPROC.OBJ
D:\PROGRAM FILES (X86)\MICROSOFT VISUAL STUDIO 10.0\PROJECT\LITTLEBEARDLL_SERVER\LITTLEBEARDLL\RELEASE\MOZGLUE.OBJ
D:\PROGRAM FILES (X86)\MICROSOFT VISUAL STUDIO 10.0\PROJECT\LITTLEBEARDLL_SERVER\LITTLEBEARDLL\RELEASE\NETWORK.OBJ
D:\PROGRAM FILES (X86)\MICROSOFT VISUAL STUDIO 10.0\PROJECT\LITTLEBEARDLL_SERVER\LITTLEBEARDLL\RELEASE\PUBLICVAR.OBJ
D:\PROGRAM FILES (X86)\MICROSOFT VISUAL STUDIO 10.0\PROJECT\LITTLEBEARDLL_SERVER\LITTLEBEARDLL\RELEASE\RUNCMD.OBJ
D:\PROGRAM FILES (X86)\MICROSOFT VISUAL STUDIO 10.0\PROJECT\LITTLEBEARDLL_SERVER\LITTLEBEARDLL\RELEASE\SCREENSNAPSHOT.OBJ
D:\PROGRAM FILES (X86)\MICROSOFT VISUAL STUDIO 10.0\PROJECT\LITTLEBEARDLL_SERVER\LITTLEBEARDLL\RELEASE\SCREENVIDEO.OBJ
D:\PROGRAM FILES (X86)\MICROSOFT VISUAL STUDIO 10.0\PROJECT\LITTLEBEARDLL_SERVER\LITTLEBEARDLL\RELEASE\SOUNDRECORD.OBJ
D:\PROGRAM FILES (X86)\MICROSOFT VISUAL STUDIO 10.0\PROJECT\LITTLEBEARDLL_SERVER\LITTLEBEARDLL\RELEASE\SYSTEMSERVICE.DLL.INTERMEDIATE.MANIFEST
D:\PROGRAM FILES (X86)\MICROSOFT VISUAL STUDIO 10.0\PROJECT\LITTLEBEARDLL_SERVER\LITTLEBEARDLL\RELEASE\VC100.PDB
D:\PROGRAM FILES (X86)\MICROSOFT VISUAL STUDIO 10.0\PROJECT\LITTLEBEARDLL_SERVER\LITTLEBEARDLL\RELEASE\VERSIONWIN7.OBJ
D:\PROGRAM FILES (X86)\MICROSOFT VISUAL STUDIO 10.0\PROJECT\LITTLEBEARDLL_SERVER\LITTLEBEARDLL\RELEASE\VERSIONXP.OBJ
D:\PROGRAM FILES (X86)\MICROSOFT VISUAL STUDIO 10.0\PROJECT\LITTLEBEARDLL_SERVER\LITTLEBEARDLL\RELEASE\VIDEOSDK.OBJ
D:\PROGRAM FILES (X86)\MICROSOFT VISUAL STUDIO 10.0\PROJECT\LITTLEBEARDLL_SERVER\RELEASE\SYSTEMSERVICE.DLL
D:\Program Files (x86)\Microsoft Visual Studio 10.0\project\LittleBearDll_Server\Release\SystemService.exp
D:\Program Files (x86)\Microsoft Visual Studio 10.0\project\LittleBearDll_Server\Release\SystemService.lib
D:\PROGRAM FILES (X86)\MICROSOFT VISUAL STUDIO 10.0\PROJECT\LITTLEBEARDLL_SERVER\RELEASE\SYSTEMSERVICE.PDB
