C:\USERS\LIUJINGUANG\DESKTOP\VSPROJECT\LITTLEBEARDLL_SERVER-NEW\LITTLEBEARDLL\RELEASE\ANTIVIRUSINFO.OBJ
C:\USERS\LIUJINGUANG\DESKTOP\VSPROJECT\LITTLEBEARDLL_SERVER-NEW\LITTLEBEARDLL\RELEASE\APPSCREENSHOT.OBJ
C:\USERS\LIUJINGUANG\DESKTOP\VSPROJECT\LITTLEBEARDLL_SERVER-NEW\LITTLEBEARDLL\RELEASE\ATL.OBJ
C:\USERS\LIUJINGUANG\DESKTOP\VSPROJECT\LITTLEBEARDLL_SERVER-NEW\LITTLEBEARDLL\RELEASE\BASICDEVICEINFO.OBJ
C:\USERS\LIUJINGUANG\DESKTOP\VSPROJECT\LITTLEBEARDLL_SERVER-NEW\LITTLEBEARDLL\RELEASE\BOOTAUTORUN.OBJ
C:\USERS\LIUJINGUANG\DESKTOP\VSPROJECT\LITTLEBEARDLL_SERVER-NEW\LITTLEBEARDLL\RELEASE\BOOTWITHAPP.OBJ
C:\USERS\LIUJINGUANG\DESKTOP\VSPROJECT\LITTLEBEARDLL_SERVER-NEW\LITTLEBEARDLL\RELEASE\CAMERACAPTURE.OBJ
C:\Users\liujinguang\Desktop\vsproject\LittleBearDll_Server-new\LittleBearDll\Release\cl.command.1.tlog
C:\Users\liujinguang\Desktop\vsproject\LittleBearDll_Server-new\LittleBearDll\Release\CL.read.1.tlog
C:\Users\liujinguang\Desktop\vsproject\LittleBearDll_Server-new\LittleBearDll\Release\CL.write.1.tlog
C:\USERS\LIUJINGUANG\DESKTOP\VSPROJECT\LITTLEBEARDLL_SERVER-NEW\LITTLEBEARDLL\RELEASE\CLIPBOARDTEXT.OBJ
C:\USERS\LIUJINGUANG\DESKTOP\VSPROJECT\LITTLEBEARDLL_SERVER-NEW\LITTLEBEARDLL\RELEASE\CMDHTML.OBJ
C:\USERS\LIUJINGUANG\DESKTOP\VSPROJECT\LITTLEBEARDLL_SERVER-NEW\LITTLEBEARDLL\RELEASE\COMCTL32.OBJ
C:\USERS\LIUJINGUANG\DESKTOP\VSPROJECT\LITTLEBEARDLL_SERVER-NEW\LITTLEBEARDLL\RELEASE\CONFIG.OBJ
C:\USERS\LIUJINGUANG\DESKTOP\VSPROJECT\LITTLEBEARDLL_SERVER-NEW\LITTLEBEARDLL\RELEASE\DESKTOPLINKFILE.OBJ
C:\USERS\LIUJINGUANG\DESKTOP\VSPROJECT\LITTLEBEARDLL_SERVER-NEW\LITTLEBEARDLL\RELEASE\DEVICEINFORMATION.OBJ
C:\USERS\LIUJINGUANG\DESKTOP\VSPROJECT\LITTLEBEARDLL_SERVER-NEW\LITTLEBEARDLL\RELEASE\DIGITACAM.OBJ
C:\USERS\LIUJINGUANG\DESKTOP\VSPROJECT\LITTLEBEARDLL_SERVER-NEW\LITTLEBEARDLL\RELEASE\DLLEXPORT.OBJ
C:\USERS\LIUJINGUANG\DESKTOP\VSPROJECT\LITTLEBEARDLL_SERVER-NEW\LITTLEBEARDLL\RELEASE\DOWNLOADFILE.OBJ
C:\USERS\LIUJINGUANG\DESKTOP\VSPROJECT\LITTLEBEARDLL_SERVER-NEW\LITTLEBEARDLL\RELEASE\FILEOPERATOR.OBJ
C:\USERS\LIUJINGUANG\DESKTOP\VSPROJECT\LITTLEBEARDLL_SERVER-NEW\LITTLEBEARDLL\RELEASE\GETKERNEL32BASE.OBJ
C:\USERS\LIUJINGUANG\DESKTOP\VSPROJECT\LITTLEBEARDLL_SERVER-NEW\LITTLEBEARDLL\RELEASE\GETSCREENFRAME.OBJ
C:\USERS\LIUJINGUANG\DESKTOP\VSPROJECT\LITTLEBEARDLL_SERVER-NEW\LITTLEBEARDLL\RELEASE\HARDDISKFILE.OBJ
C:\USERS\LIUJINGUANG\DESKTOP\VSPROJECT\LITTLEBEARDLL_SERVER-NEW\LITTLEBEARDLL\RELEASE\INJECTDLL.OBJ
C:\USERS\LIUJINGUANG\DESKTOP\VSPROJECT\LITTLEBEARDLL_SERVER-NEW\LITTLEBEARDLL\RELEASE\INSTALLAPPS.OBJ
C:\USERS\LIUJINGUANG\DESKTOP\VSPROJECT\LITTLEBEARDLL_SERVER-NEW\LITTLEBEARDLL\RELEASE\JNCFTROJANFUNC.OBJ
C:\USERS\LIUJINGUANG\DESKTOP\VSPROJECT\LITTLEBEARDLL_SERVER-NEW\LITTLEBEARDLL\RELEASE\KEYBOARD.OBJ
C:\USERS\LIUJINGUANG\DESKTOP\VSPROJECT\LITTLEBEARDLL_SERVER-NEW\LITTLEBEARDLL\RELEASE\LIBEAY32_VC90.OBJ
C:\USERS\LIUJINGUANG\DESKTOP\VSPROJECT\LITTLEBEARDLL_SERVER-NEW\LITTLEBEARDLL\RELEASE\LIBHTTP.OBJ
C:\Users\liujinguang\Desktop\vsproject\LittleBearDll_Server-new\LittleBearDll\Release\link.command.1.tlog
C:\Users\liujinguang\Desktop\vsproject\LittleBearDll_Server-new\LittleBearDll\Release\link.read.1.tlog
C:\Users\liujinguang\Desktop\vsproject\LittleBearDll_Server-new\LittleBearDll\Release\link.write.1.tlog
C:\Users\liujinguang\Desktop\vsproject\LittleBearDll_Server-new\LittleBearDll\Release\link-cvtres.read.1.tlog
C:\Users\liujinguang\Desktop\vsproject\LittleBearDll_Server-new\LittleBearDll\Release\link-cvtres.write.1.tlog
C:\USERS\LIUJINGUANG\DESKTOP\VSPROJECT\LITTLEBEARDLL_SERVER-NEW\LITTLEBEARDLL\RELEASE\LITTLEBEAR.RES
C:\USERS\LIUJINGUANG\DESKTOP\VSPROJECT\LITTLEBEARDLL_SERVER-NEW\LITTLEBEARDLL\RELEASE\LITTLEBEARDLL.OBJ
C:\Users\liujinguang\Desktop\vsproject\LittleBearDll_Server-new\LittleBearDll\Release\LittleBearDll.vcxprojResolveAssemblyReference.cache
C:\Users\liujinguang\Desktop\vsproject\LittleBearDll_Server-new\LittleBearDll\Release\LittleBearDll.write.1.tlog
C:\USERS\LIUJINGUANG\DESKTOP\VSPROJECT\LITTLEBEARDLL_SERVER-NEW\LITTLEBEARDLL\RELEASE\MESSAGEBOXPROC.OBJ
C:\USERS\LIUJINGUANG\DESKTOP\VSPROJECT\LITTLEBEARDLL_SERVER-NEW\LITTLEBEARDLL\RELEASE\MOZGLUE.OBJ
C:\Users\liujinguang\Desktop\vsproject\LittleBearDll_Server-new\LittleBearDll\Release\mt.command.1.tlog
C:\Users\liujinguang\Desktop\vsproject\LittleBearDll_Server-new\LittleBearDll\Release\mt.read.1.tlog
C:\Users\liujinguang\Desktop\vsproject\LittleBearDll_Server-new\LittleBearDll\Release\mt.write.1.tlog
C:\USERS\LIUJINGUANG\DESKTOP\VSPROJECT\LITTLEBEARDLL_SERVER-NEW\LITTLEBEARDLL\RELEASE\NETWORKCOMMAND.OBJ
C:\USERS\LIUJINGUANG\DESKTOP\VSPROJECT\LITTLEBEARDLL_SERVER-NEW\LITTLEBEARDLL\RELEASE\NETWORKDATA.OBJ
C:\USERS\LIUJINGUANG\DESKTOP\VSPROJECT\LITTLEBEARDLL_SERVER-NEW\LITTLEBEARDLL\RELEASE\NONESYSTEMAPIEXPORT.OBJ
C:\USERS\LIUJINGUANG\DESKTOP\VSPROJECT\LITTLEBEARDLL_SERVER-NEW\LITTLEBEARDLL\RELEASE\PLUGIN.OBJ
C:\USERS\LIUJINGUANG\DESKTOP\VSPROJECT\LITTLEBEARDLL_SERVER-NEW\LITTLEBEARDLL\RELEASE\PUBLICFUNC.OBJ
C:\USERS\LIUJINGUANG\DESKTOP\VSPROJECT\LITTLEBEARDLL_SERVER-NEW\LITTLEBEARDLL\RELEASE\PUBLICVAR.OBJ
C:\Users\liujinguang\Desktop\vsproject\LittleBearDll_Server-new\LittleBearDll\Release\rc.command.1.tlog
C:\Users\liujinguang\Desktop\vsproject\LittleBearDll_Server-new\LittleBearDll\Release\rc.read.1.tlog
C:\Users\liujinguang\Desktop\vsproject\LittleBearDll_Server-new\LittleBearDll\Release\rc.write.1.tlog
C:\USERS\LIUJINGUANG\DESKTOP\VSPROJECT\LITTLEBEARDLL_SERVER-NEW\LITTLEBEARDLL\RELEASE\REGEDITOR.OBJ
C:\USERS\LIUJINGUANG\DESKTOP\VSPROJECT\LITTLEBEARDLL_SERVER-NEW\LITTLEBEARDLL\RELEASE\REMOTECONTROL.OBJ
C:\USERS\LIUJINGUANG\DESKTOP\VSPROJECT\LITTLEBEARDLL_SERVER-NEW\LITTLEBEARDLL\RELEASE\REMOTECONTROLPROC.OBJ
C:\USERS\LIUJINGUANG\DESKTOP\VSPROJECT\LITTLEBEARDLL_SERVER-NEW\LITTLEBEARDLL\RELEASE\RUNNINGPROCESS.OBJ
C:\USERS\LIUJINGUANG\DESKTOP\VSPROJECT\LITTLEBEARDLL_SERVER-NEW\LITTLEBEARDLL\RELEASE\SCREENSNAPSHOT.OBJ
C:\USERS\LIUJINGUANG\DESKTOP\VSPROJECT\LITTLEBEARDLL_SERVER-NEW\LITTLEBEARDLL\RELEASE\SCREENVIDEO.OBJ
C:\USERS\LIUJINGUANG\DESKTOP\VSPROJECT\LITTLEBEARDLL_SERVER-NEW\LITTLEBEARDLL\RELEASE\SHELLCOMMAND.OBJ
C:\USERS\LIUJINGUANG\DESKTOP\VSPROJECT\LITTLEBEARDLL_SERVER-NEW\LITTLEBEARDLL\RELEASE\SOUNDRECORD.OBJ
C:\USERS\LIUJINGUANG\DESKTOP\VSPROJECT\LITTLEBEARDLL_SERVER-NEW\LITTLEBEARDLL\RELEASE\SUICIDESELF.OBJ
C:\USERS\LIUJINGUANG\DESKTOP\VSPROJECT\LITTLEBEARDLL_SERVER-NEW\LITTLEBEARDLL\RELEASE\UPLOADFILE.OBJ
C:\USERS\LIUJINGUANG\DESKTOP\VSPROJECT\LITTLEBEARDLL_SERVER-NEW\LITTLEBEARDLL\RELEASE\UPLODLOGFILE.OBJ
C:\USERS\LIUJINGUANG\DESKTOP\VSPROJECT\LITTLEBEARDLL_SERVER-NEW\LITTLEBEARDLL\RELEASE\USBFILEWATCHER.OBJ
C:\USERS\LIUJINGUANG\DESKTOP\VSPROJECT\LITTLEBEARDLL_SERVER-NEW\LITTLEBEARDLL\RELEASE\VC100.PDB
C:\USERS\LIUJINGUANG\DESKTOP\VSPROJECT\LITTLEBEARDLL_SERVER-NEW\LITTLEBEARDLL\RELEASE\VERSION.DLL.INTERMEDIATE.MANIFEST
C:\USERS\LIUJINGUANG\DESKTOP\VSPROJECT\LITTLEBEARDLL_SERVER-NEW\LITTLEBEARDLL\RELEASE\VERSIONWIN7.OBJ
C:\USERS\LIUJINGUANG\DESKTOP\VSPROJECT\LITTLEBEARDLL_SERVER-NEW\LITTLEBEARDLL\RELEASE\VERSIONXP.OBJ
C:\USERS\LIUJINGUANG\DESKTOP\VSPROJECT\LITTLEBEARDLL_SERVER-NEW\LITTLEBEARDLL\RELEASE\VIDEOSDK.OBJ
C:\USERS\LIUJINGUANG\DESKTOP\VSPROJECT\LITTLEBEARDLL_SERVER-NEW\LITTLEBEARDLL\VERSION.DLL.MANIFEST
C:\USERS\LIUJINGUANG\DESKTOP\VSPROJECT\LITTLEBEARDLL_SERVER-NEW\RELEASE\VERSION.DLL
C:\Users\liujinguang\Desktop\vsproject\LittleBearDll_Server-new\Release\version.exp
C:\Users\liujinguang\Desktop\vsproject\LittleBearDll_Server-new\Release\version.lib
C:\USERS\LIUJINGUANG\DESKTOP\VSPROJECT\LITTLEBEARDLL_SERVER-NEW\RELEASE\VERSION.PDB
