  Commander.cpp
  CommandListener.cpp
  CommandRecver.cpp
C:\Program Files (x86)\Windows Kits\8.1\Include\um\Dbghelp.h(1544): warning C4091: “typedef ”: 没有声明变量时忽略“”的左侧
C:\Program Files (x86)\Windows Kits\8.1\Include\um\Dbghelp.h(3190): warning C4091: “typedef ”: 没有声明变量时忽略“”的左侧
CommandRecver.cpp(64): error C2712: 无法在要求对象展开的函数中使用 __try
  cryption.cpp
  DownloadProgramRecver.cpp
DownloadProgramRecver.cpp(226): warning C4267: “初始化”: 从“size_t”转换到“int”，可能丢失数据
DownloadProgramRecver.cpp(247): warning C4267: “初始化”: 从“size_t”转换到“int”，可能丢失数据
  DataListener.cpp
  DataRecver.cpp
DataRecver.cpp(14): fatal error C1083: 无法打开包括文件: “json/json.h”: No such file or directory
  DownloadFile.cpp
DownloadFile.cpp(42): warning C4267: “=”: 从“size_t”转换到“int”，可能丢失数据
DownloadFile.cpp(44): warning C4267: “初始化”: 从“size_t”转换到“int”，可能丢失数据
DownloadFile.cpp(70): warning C4267: “=”: 从“size_t”转换到“int”，可能丢失数据
  DownloadProgramListener.cpp
  DownloadTrojanRecver.cpp
  DownloadTrojanListener.cpp
  FileHelper.cpp
FileHelper.cpp(26): warning C4267: “=”: 从“size_t”转换到“int”，可能丢失数据
FileHelper.cpp(9): warning C4996: 'fopen': This function or variable may be unsafe. Consider using fopen_s instead. To disable deprecation, use _CRT_SECURE_NO_WARNINGS. See online help for details.
  C:\Program Files (x86)\Windows Kits\10\Include\10.0.10240.0\ucrt\stdio.h(205): note: 参见“fopen”的声明
FileHelper.cpp(50): warning C4267: “=”: 从“size_t”转换到“int”，可能丢失数据
FileHelper.cpp(43): warning C4996: 'fopen': This function or variable may be unsafe. Consider using fopen_s instead. To disable deprecation, use _CRT_SECURE_NO_WARNINGS. See online help for details.
  C:\Program Files (x86)\Windows Kits\10\Include\10.0.10240.0\ucrt\stdio.h(205): note: 参见“fopen”的声明
FileHelper.cpp(78): warning C4267: “=”: 从“size_t”转换到“int”，可能丢失数据
FileHelper.cpp(66): warning C4996: 'fopen': This function or variable may be unsafe. Consider using fopen_s instead. To disable deprecation, use _CRT_SECURE_NO_WARNINGS. See online help for details.
  C:\Program Files (x86)\Windows Kits\10\Include\10.0.10240.0\ucrt\stdio.h(205): note: 参见“fopen”的声明
FileHelper.cpp(69): warning C4996: 'fopen': This function or variable may be unsafe. Consider using fopen_s instead. To disable deprecation, use _CRT_SECURE_NO_WARNINGS. See online help for details.
  C:\Program Files (x86)\Windows Kits\10\Include\10.0.10240.0\ucrt\stdio.h(205): note: 参见“fopen”的声明
  FileOperator.cpp
  FileReadLine.cpp
FileReadLine.cpp(5): warning C4996: 'fopen': This function or variable may be unsafe. Consider using fopen_s instead. To disable deprecation, use _CRT_SECURE_NO_WARNINGS. See online help for details.
  C:\Program Files (x86)\Windows Kits\10\Include\10.0.10240.0\ucrt\stdio.h(205): note: 参见“fopen”的声明
  JsonParser.cpp
JsonParser.cpp(8): warning C4267: “初始化”: 从“size_t”转换到“int”，可能丢失数据
JsonParser.cpp(11): warning C4267: “初始化”: 从“size_t”转换到“int”，可能丢失数据
JsonParser.cpp(12): warning C4267: “初始化”: 从“size_t”转换到“int”，可能丢失数据
JsonParser.cpp(16): warning C4267: “初始化”: 从“size_t”转换到“int”，可能丢失数据
JsonParser.cpp(20): warning C4267: “初始化”: 从“size_t”转换到“int”，可能丢失数据
JsonParser.cpp(35): warning C4267: “初始化”: 从“size_t”转换到“int”，可能丢失数据
JsonParser.cpp(38): warning C4267: “初始化”: 从“size_t”转换到“int”，可能丢失数据
JsonParser.cpp(42): warning C4267: “初始化”: 从“size_t”转换到“int”，可能丢失数据
JsonParser.cpp(57): warning C4267: “初始化”: 从“size_t”转换到“int”，可能丢失数据
JsonParser.cpp(60): warning C4267: “初始化”: 从“size_t”转换到“int”，可能丢失数据
JsonParser.cpp(61): warning C4267: “初始化”: 从“size_t”转换到“int”，可能丢失数据
JsonParser.cpp(65): warning C4267: “初始化”: 从“size_t”转换到“int”，可能丢失数据
JsonParser.cpp(69): warning C4267: “初始化”: 从“size_t”转换到“int”，可能丢失数据
JsonParser.cpp(88): warning C4267: “初始化”: 从“size_t”转换到“int”，可能丢失数据
JsonParser.cpp(92): warning C4267: “初始化”: 从“size_t”转换到“int”，可能丢失数据
JsonParser.cpp(119): warning C4267: “初始化”: 从“size_t”转换到“int”，可能丢失数据
  JsonSplit.cpp
  json_reader.cpp
json\json_reader.cpp(1): fatal error C1083: 无法打开包括文件: “json/reader.h”: No such file or directory
  json_value.cpp
json\json_value.cpp(2): fatal error C1083: 无法打开包括文件: “json/value.h”: No such file or directory
  json_writer.cpp
json\json_writer.cpp(1): fatal error C1083: 无法打开包括文件: “json/writer.h”: No such file or directory
  mysqlOper.cpp
mysqlOper.cpp(139): warning C4996: 'sprintf': This function or variable may be unsafe. Consider using sprintf_s instead. To disable deprecation, use _CRT_SECURE_NO_WARNINGS. See online help for details.
  C:\Program Files (x86)\Windows Kits\10\Include\10.0.10240.0\ucrt\stdio.h(1769): note: 参见“sprintf”的声明
mysqlOper.cpp(148): warning C4996: 'sprintf': This function or variable may be unsafe. Consider using sprintf_s instead. To disable deprecation, use _CRT_SECURE_NO_WARNINGS. See online help for details.
  C:\Program Files (x86)\Windows Kits\10\Include\10.0.10240.0\ucrt\stdio.h(1769): note: 参见“sprintf”的声明
mysqlOper.cpp(293): warning C4996: 'sprintf': This function or variable may be unsafe. Consider using sprintf_s instead. To disable deprecation, use _CRT_SECURE_NO_WARNINGS. See online help for details.
  C:\Program Files (x86)\Windows Kits\10\Include\10.0.10240.0\ucrt\stdio.h(1769): note: 参见“sprintf”的声明
mysqlOper.cpp(311): warning C4996: 'sprintf': This function or variable may be unsafe. Consider using sprintf_s instead. To disable deprecation, use _CRT_SECURE_NO_WARNINGS. See online help for details.
  C:\Program Files (x86)\Windows Kits\10\Include\10.0.10240.0\ucrt\stdio.h(1769): note: 参见“sprintf”的声明
mysqlOper.cpp(485): warning C4996: 'sprintf': This function or variable may be unsafe. Consider using sprintf_s instead. To disable deprecation, use _CRT_SECURE_NO_WARNINGS. See online help for details.
  C:\Program Files (x86)\Windows Kits\10\Include\10.0.10240.0\ucrt\stdio.h(1769): note: 参见“sprintf”的声明
mysqlOper.cpp(492): warning C4996: 'sprintf': This function or variable may be unsafe. Consider using sprintf_s instead. To disable deprecation, use _CRT_SECURE_NO_WARNINGS. See online help for details.
  C:\Program Files (x86)\Windows Kits\10\Include\10.0.10240.0\ucrt\stdio.h(1769): note: 参见“sprintf”的声明
  正在编译...
  Network.cpp
Network.cpp(49): warning C4244: “return”: 从“SOCKET”转换到“int”，可能丢失数据
  OnlineManager.cpp
  LittleBearMainServer.cpp
C:\Program Files (x86)\Windows Kits\8.1\Include\um\Dbghelp.h(1544): warning C4091: “typedef ”: 没有声明变量时忽略“”的左侧
C:\Program Files (x86)\Windows Kits\8.1\Include\um\Dbghelp.h(3190): warning C4091: “typedef ”: 没有声明变量时忽略“”的左侧
  LoginWindow.cpp
  Public.cpp
C:\Program Files (x86)\Windows Kits\8.1\Include\um\Dbghelp.h(1544): warning C4091: “typedef ”: 没有声明变量时忽略“”的左侧
C:\Program Files (x86)\Windows Kits\8.1\Include\um\Dbghelp.h(3190): warning C4091: “typedef ”: 没有声明变量时忽略“”的左侧
Public.cpp(26): warning C4267: “初始化”: 从“size_t”转换到“int”，可能丢失数据
Public.cpp(39): warning C4267: “初始化”: 从“size_t”转换到“int”，可能丢失数据
  PublicFunc.cpp
PublicFunc.cpp(5): fatal error C1083: 无法打开包括文件: “Json/json.h”: No such file or directory
  publicUtils.cpp
  recommit.cpp
  RemoteControlListener.cpp
  RemoteControlRecver.cpp
RemoteControlRecver.cpp(75): warning C4244: “=”: 从“WPARAM”转换到“unsigned char”，可能丢失数据
RemoteControlRecver.cpp(98): warning C4244: “=”: 从“LPARAM”转换到“LONG”，可能丢失数据
RemoteControlRecver.cpp(108): warning C4244: “=”: 从“LPARAM”转换到“LONG”，可能丢失数据
RemoteControlRecver.cpp(116): warning C4244: “=”: 从“LPARAM”转换到“LONG”，可能丢失数据
RemoteControlRecver.cpp(124): warning C4244: “=”: 从“LPARAM”转换到“LONG”，可能丢失数据
RemoteControlRecver.cpp(131): warning C4244: “=”: 从“WPARAM”转换到“int”，可能丢失数据
RemoteControlRecver.cpp(132): warning C4244: “=”: 从“LPARAM”转换到“int”，可能丢失数据
RemoteControlRecver.cpp(229): warning C4244: “=”: 从“LRESULT”转换到“int”，可能丢失数据
RemoteControlRecver.cpp(276): warning C4244: “=”: 从“LRESULT”转换到“int”，可能丢失数据
  ScreenFrameChecker.cpp
  test.cpp
  UpDownResult.cpp
  UploadFile.cpp
UploadFile.cpp(41): warning C4267: “=”: 从“size_t”转换到“int”，可能丢失数据
UploadFile.cpp(42): warning C4267: “=”: 从“size_t”转换到“int”，可能丢失数据
UploadFile.cpp(44): warning C4267: “初始化”: 从“size_t”转换到“int”，可能丢失数据
