d:\vsproject\littlebear\shelldll\release\vc140.pdb
d:\vsproject\littlebear\shelldll\release\reloc.obj
d:\vsproject\littlebear\shelldll\release\public.obj
d:\vsproject\littlebear\shelldll\release\peparser.obj
d:\vsproject\littlebear\shelldll\release\mappe.obj
d:\vsproject\littlebear\shelldll\release\main.obj
d:\vsproject\littlebear\shelldll\release\importfuntable.obj
d:\vsproject\littlebear\shelldll\release\filehelper.obj
d:\vsproject\littlebear\shelldll\release\exportfuntable.obj
d:\vsproject\littlebear\shelldll\release\escape.obj
d:\vsproject\littlebear\shelldll\release\dllexport.obj
d:\vsproject\littlebear\shelldll\release\debug.obj
d:\vsproject\littlebear\shelldll\release\crypto.obj
d:\vsproject\littlebear\shelldll\release\compress.obj
d:\vsproject\littlebear\shelldll\release\api.obj
d:\vsproject\littlebear\release\shelldll.dll
d:\vsproject\littlebear\release\shelldll.ipdb
d:\vsproject\littlebear\release\shelldll.iobj
d:\vsproject\littlebear\release\shelldll.pdb
d:\vsproject\littlebear\release\shelldll.lib
d:\vsproject\littlebear\release\shelldll.exp
d:\vsproject\littlebear\shelldll\release\shelldll.tlog\cl.command.1.tlog
d:\vsproject\littlebear\shelldll\release\shelldll.tlog\cl.read.1.tlog
d:\vsproject\littlebear\shelldll\release\shelldll.tlog\cl.write.1.tlog
d:\vsproject\littlebear\shelldll\release\shelldll.tlog\link.command.1.tlog
d:\vsproject\littlebear\shelldll\release\shelldll.tlog\link.read.1.tlog
d:\vsproject\littlebear\shelldll\release\shelldll.tlog\link.write.1.tlog
d:\vsproject\littlebear\shelldll\release\shelldll.tlog\shelldll.write.1u.tlog
