  Commander.cpp
C:\Program Files (x86)\Microsoft Visual Studio 14.0\VC\include\xlocale(341): warning C4530: 使用了 C++ 异常处理程序，但未启用展开语义。请指定 /EHsc
C:\Program Files (x86)\Microsoft Visual Studio 14.0\VC\include\exception(359): warning C4577: 在未指定异常处理模式的情况下使用了 "noexcept"；不一定会在异常时终止。指定 /EHsc
  CommandListener.cpp
C:\Program Files (x86)\Microsoft Visual Studio 14.0\VC\include\xlocale(341): warning C4530: 使用了 C++ 异常处理程序，但未启用展开语义。请指定 /EHsc
C:\Program Files (x86)\Microsoft Visual Studio 14.0\VC\include\exception(359): warning C4577: 在未指定异常处理模式的情况下使用了 "noexcept"；不一定会在异常时终止。指定 /EHsc
  CommandRecver.cpp
C:\Program Files (x86)\Microsoft Visual Studio 14.0\VC\include\xlocale(341): warning C4530: 使用了 C++ 异常处理程序，但未启用展开语义。请指定 /EHsc
C:\Program Files (x86)\Microsoft SDKs\Windows\v7.1A\include\Dbghelp.h(1540): warning C4091: “typedef ”: 没有声明变量时忽略“”的左侧
C:\Program Files (x86)\Microsoft SDKs\Windows\v7.1A\include\Dbghelp.h(3056): warning C4091: “typedef ”: 没有声明变量时忽略“”的左侧
C:\Program Files (x86)\Microsoft Visual Studio 14.0\VC\include\exception(359): warning C4577: 在未指定异常处理模式的情况下使用了 "noexcept"；不一定会在异常时终止。指定 /EHsc
  cryption.cpp
  DownloadProgramRecver.cpp
C:\Program Files (x86)\Microsoft Visual Studio 14.0\VC\include\xlocale(341): warning C4530: 使用了 C++ 异常处理程序，但未启用展开语义。请指定 /EHsc
C:\Program Files (x86)\Microsoft Visual Studio 14.0\VC\include\exception(359): warning C4577: 在未指定异常处理模式的情况下使用了 "noexcept"；不一定会在异常时终止。指定 /EHsc
  DataListener.cpp
C:\Program Files (x86)\Microsoft Visual Studio 14.0\VC\include\xlocale(341): warning C4530: 使用了 C++ 异常处理程序，但未启用展开语义。请指定 /EHsc
C:\Program Files (x86)\Microsoft Visual Studio 14.0\VC\include\exception(359): warning C4577: 在未指定异常处理模式的情况下使用了 "noexcept"；不一定会在异常时终止。指定 /EHsc
  DataRecver.cpp
C:\Program Files (x86)\Microsoft Visual Studio 14.0\VC\include\xlocale(341): warning C4530: 使用了 C++ 异常处理程序，但未启用展开语义。请指定 /EHsc
DataRecver.cpp(190): warning C4018: “<=”: 有符号/无符号不匹配
DataRecver.cpp(425): warning C4018: “<”: 有符号/无符号不匹配
DataRecver.cpp(458): warning C4018: “<”: 有符号/无符号不匹配
C:\Program Files (x86)\Microsoft Visual Studio 14.0\VC\include\exception(359): warning C4577: 在未指定异常处理模式的情况下使用了 "noexcept"；不一定会在异常时终止。指定 /EHsc
  DownloadFile.cpp
C:\Program Files (x86)\Microsoft Visual Studio 14.0\VC\include\xlocale(341): warning C4530: 使用了 C++ 异常处理程序，但未启用展开语义。请指定 /EHsc
C:\Program Files (x86)\Microsoft Visual Studio 14.0\VC\include\exception(359): warning C4577: 在未指定异常处理模式的情况下使用了 "noexcept"；不一定会在异常时终止。指定 /EHsc
  DownloadProgramListener.cpp
C:\Program Files (x86)\Microsoft Visual Studio 14.0\VC\include\xlocale(341): warning C4530: 使用了 C++ 异常处理程序，但未启用展开语义。请指定 /EHsc
C:\Program Files (x86)\Microsoft Visual Studio 14.0\VC\include\exception(359): warning C4577: 在未指定异常处理模式的情况下使用了 "noexcept"；不一定会在异常时终止。指定 /EHsc
  DownloadTrojanRecver.cpp
C:\Program Files (x86)\Microsoft Visual Studio 14.0\VC\include\xlocale(341): warning C4530: 使用了 C++ 异常处理程序，但未启用展开语义。请指定 /EHsc
C:\Program Files (x86)\Microsoft Visual Studio 14.0\VC\include\exception(359): warning C4577: 在未指定异常处理模式的情况下使用了 "noexcept"；不一定会在异常时终止。指定 /EHsc
  DownloadTrojanListener.cpp
C:\Program Files (x86)\Microsoft Visual Studio 14.0\VC\include\xlocale(341): warning C4530: 使用了 C++ 异常处理程序，但未启用展开语义。请指定 /EHsc
C:\Program Files (x86)\Microsoft Visual Studio 14.0\VC\include\exception(359): warning C4577: 在未指定异常处理模式的情况下使用了 "noexcept"；不一定会在异常时终止。指定 /EHsc
  FileHelper.cpp
C:\Program Files (x86)\Microsoft Visual Studio 14.0\VC\include\xlocale(341): warning C4530: 使用了 C++ 异常处理程序，但未启用展开语义。请指定 /EHsc
C:\Program Files (x86)\Microsoft Visual Studio 14.0\VC\include\exception(359): warning C4577: 在未指定异常处理模式的情况下使用了 "noexcept"；不一定会在异常时终止。指定 /EHsc
  FileOperator.cpp
C:\Program Files (x86)\Microsoft Visual Studio 14.0\VC\include\xlocale(341): warning C4530: 使用了 C++ 异常处理程序，但未启用展开语义。请指定 /EHsc
C:\Program Files (x86)\Microsoft Visual Studio 14.0\VC\include\exception(359): warning C4577: 在未指定异常处理模式的情况下使用了 "noexcept"；不一定会在异常时终止。指定 /EHsc
  FileReadLine.cpp
C:\Program Files (x86)\Microsoft Visual Studio 14.0\VC\include\xlocale(341): warning C4530: 使用了 C++ 异常处理程序，但未启用展开语义。请指定 /EHsc
C:\Program Files (x86)\Microsoft Visual Studio 14.0\VC\include\exception(359): warning C4577: 在未指定异常处理模式的情况下使用了 "noexcept"；不一定会在异常时终止。指定 /EHsc
  JsonParser.cpp
C:\Program Files (x86)\Microsoft Visual Studio 14.0\VC\include\xlocale(341): warning C4530: 使用了 C++ 异常处理程序，但未启用展开语义。请指定 /EHsc
C:\Program Files (x86)\Microsoft Visual Studio 14.0\VC\include\exception(359): warning C4577: 在未指定异常处理模式的情况下使用了 "noexcept"；不一定会在异常时终止。指定 /EHsc
  JsonSplit.cpp
C:\Program Files (x86)\Microsoft Visual Studio 14.0\VC\include\xlocale(341): warning C4530: 使用了 C++ 异常处理程序，但未启用展开语义。请指定 /EHsc
C:\Program Files (x86)\Microsoft Visual Studio 14.0\VC\include\exception(359): warning C4577: 在未指定异常处理模式的情况下使用了 "noexcept"；不一定会在异常时终止。指定 /EHsc
  json_reader.cpp
C:\Program Files (x86)\Microsoft Visual Studio 14.0\VC\include\xlocale(341): warning C4530: 使用了 C++ 异常处理程序，但未启用展开语义。请指定 /EHsc
C:\Program Files (x86)\Microsoft Visual Studio 14.0\VC\include\exception(359): warning C4577: 在未指定异常处理模式的情况下使用了 "noexcept"；不一定会在异常时终止。指定 /EHsc
  json_value.cpp
C:\Program Files (x86)\Microsoft Visual Studio 14.0\VC\include\xlocale(341): warning C4530: 使用了 C++ 异常处理程序，但未启用展开语义。请指定 /EHsc
C:\Program Files (x86)\Microsoft Visual Studio 14.0\VC\include\exception(359): warning C4577: 在未指定异常处理模式的情况下使用了 "noexcept"；不一定会在异常时终止。指定 /EHsc
  json_writer.cpp
C:\Program Files (x86)\Microsoft Visual Studio 14.0\VC\include\xlocale(341): warning C4530: 使用了 C++ 异常处理程序，但未启用展开语义。请指定 /EHsc
C:\Program Files (x86)\Microsoft Visual Studio 14.0\VC\include\exception(359): warning C4577: 在未指定异常处理模式的情况下使用了 "noexcept"；不一定会在异常时终止。指定 /EHsc
  mysqlOper.cpp
C:\Program Files (x86)\Microsoft Visual Studio 14.0\VC\include\xlocale(341): warning C4530: 使用了 C++ 异常处理程序，但未启用展开语义。请指定 /EHsc
C:\Program Files (x86)\Microsoft Visual Studio 14.0\VC\include\limits(210): warning C4577: 在未指定异常处理模式的情况下使用了 "noexcept"；不一定会在异常时终止。指定 /EHsc
  正在编译...
  Network.cpp
C:\Program Files (x86)\Microsoft Visual Studio 14.0\VC\include\xlocale(341): warning C4530: 使用了 C++ 异常处理程序，但未启用展开语义。请指定 /EHsc
C:\Program Files (x86)\Microsoft Visual Studio 14.0\VC\include\exception(359): warning C4577: 在未指定异常处理模式的情况下使用了 "noexcept"；不一定会在异常时终止。指定 /EHsc
  OnlineManager.cpp
C:\Program Files (x86)\Microsoft Visual Studio 14.0\VC\include\xlocale(341): warning C4530: 使用了 C++ 异常处理程序，但未启用展开语义。请指定 /EHsc
C:\Program Files (x86)\Microsoft Visual Studio 14.0\VC\include\exception(359): warning C4577: 在未指定异常处理模式的情况下使用了 "noexcept"；不一定会在异常时终止。指定 /EHsc
  LittleBearMainServer.cpp
C:\Program Files (x86)\Microsoft Visual Studio 14.0\VC\include\xlocale(341): warning C4530: 使用了 C++ 异常处理程序，但未启用展开语义。请指定 /EHsc
C:\Program Files (x86)\Microsoft SDKs\Windows\v7.1A\include\Dbghelp.h(1540): warning C4091: “typedef ”: 没有声明变量时忽略“”的左侧
C:\Program Files (x86)\Microsoft SDKs\Windows\v7.1A\include\Dbghelp.h(3056): warning C4091: “typedef ”: 没有声明变量时忽略“”的左侧
C:\Program Files (x86)\Microsoft Visual Studio 14.0\VC\include\exception(359): warning C4577: 在未指定异常处理模式的情况下使用了 "noexcept"；不一定会在异常时终止。指定 /EHsc
  LoginWindow.cpp
C:\Program Files (x86)\Microsoft Visual Studio 14.0\VC\include\exception(359): warning C4577: 在未指定异常处理模式的情况下使用了 "noexcept"；不一定会在异常时终止。指定 /EHsc
  Public.cpp
C:\Program Files (x86)\Microsoft Visual Studio 14.0\VC\include\xlocale(341): warning C4530: 使用了 C++ 异常处理程序，但未启用展开语义。请指定 /EHsc
C:\Program Files (x86)\Microsoft SDKs\Windows\v7.1A\include\Dbghelp.h(1540): warning C4091: “typedef ”: 没有声明变量时忽略“”的左侧
C:\Program Files (x86)\Microsoft SDKs\Windows\v7.1A\include\Dbghelp.h(3056): warning C4091: “typedef ”: 没有声明变量时忽略“”的左侧
Public.cpp(51): warning C4018: “<”: 有符号/无符号不匹配
Public.cpp(71): warning C4018: “<”: 有符号/无符号不匹配
C:\Program Files (x86)\Microsoft Visual Studio 14.0\VC\include\exception(359): warning C4577: 在未指定异常处理模式的情况下使用了 "noexcept"；不一定会在异常时终止。指定 /EHsc
  PublicFunc.cpp
C:\Program Files (x86)\Microsoft Visual Studio 14.0\VC\include\xlocale(341): warning C4530: 使用了 C++ 异常处理程序，但未启用展开语义。请指定 /EHsc
C:\Program Files (x86)\Microsoft Visual Studio 14.0\VC\include\exception(359): warning C4577: 在未指定异常处理模式的情况下使用了 "noexcept"；不一定会在异常时终止。指定 /EHsc
  publicUtils.cpp
C:\Program Files (x86)\Microsoft Visual Studio 14.0\VC\include\xlocale(341): warning C4530: 使用了 C++ 异常处理程序，但未启用展开语义。请指定 /EHsc
publicUtils.cpp(5): warning C4018: “<”: 有符号/无符号不匹配
C:\Program Files (x86)\Microsoft Visual Studio 14.0\VC\include\exception(359): warning C4577: 在未指定异常处理模式的情况下使用了 "noexcept"；不一定会在异常时终止。指定 /EHsc
  recommit.cpp
C:\Program Files (x86)\Microsoft Visual Studio 14.0\VC\include\xlocale(341): warning C4530: 使用了 C++ 异常处理程序，但未启用展开语义。请指定 /EHsc
recommit.cpp(146): warning C4018: “<”: 有符号/无符号不匹配
C:\Program Files (x86)\Microsoft Visual Studio 14.0\VC\include\exception(359): warning C4577: 在未指定异常处理模式的情况下使用了 "noexcept"；不一定会在异常时终止。指定 /EHsc
  RemoteControlListener.cpp
C:\Program Files (x86)\Microsoft Visual Studio 14.0\VC\include\xlocale(341): warning C4530: 使用了 C++ 异常处理程序，但未启用展开语义。请指定 /EHsc
C:\Program Files (x86)\Microsoft Visual Studio 14.0\VC\include\exception(359): warning C4577: 在未指定异常处理模式的情况下使用了 "noexcept"；不一定会在异常时终止。指定 /EHsc
  RemoteControlRecver.cpp
C:\Program Files (x86)\Microsoft Visual Studio 14.0\VC\include\xlocale(341): warning C4530: 使用了 C++ 异常处理程序，但未启用展开语义。请指定 /EHsc
C:\Program Files (x86)\Microsoft Visual Studio 14.0\VC\include\exception(359): warning C4577: 在未指定异常处理模式的情况下使用了 "noexcept"；不一定会在异常时终止。指定 /EHsc
  ScreenFrameChecker.cpp
  test.cpp
C:\Program Files (x86)\Microsoft Visual Studio 14.0\VC\include\xlocale(341): warning C4530: 使用了 C++ 异常处理程序，但未启用展开语义。请指定 /EHsc
C:\Program Files (x86)\Microsoft Visual Studio 14.0\VC\include\limits(210): warning C4577: 在未指定异常处理模式的情况下使用了 "noexcept"；不一定会在异常时终止。指定 /EHsc
  UpDownResult.cpp
C:\Program Files (x86)\Microsoft Visual Studio 14.0\VC\include\xlocale(341): warning C4530: 使用了 C++ 异常处理程序，但未启用展开语义。请指定 /EHsc
C:\Program Files (x86)\Microsoft Visual Studio 14.0\VC\include\exception(359): warning C4577: 在未指定异常处理模式的情况下使用了 "noexcept"；不一定会在异常时终止。指定 /EHsc
  UploadFile.cpp
C:\Program Files (x86)\Microsoft Visual Studio 14.0\VC\include\xlocale(341): warning C4530: 使用了 C++ 异常处理程序，但未启用展开语义。请指定 /EHsc
C:\Program Files (x86)\Microsoft Visual Studio 14.0\VC\include\exception(359): warning C4577: 在未指定异常处理模式的情况下使用了 "noexcept"；不一定会在异常时终止。指定 /EHsc
C:\Program Files (x86)\Microsoft SDKs\Windows\v7.1A\include\winuser.rh(414): warning RC4005: 'PWR_FAIL' : redefinition
  
C:\Program Files (x86)\Microsoft SDKs\Windows\v7.1A\include\winuser.rh(788): warning RC4005: 'HTERROR' : redefinition
  
C:\Program Files (x86)\Microsoft SDKs\Windows\v7.1A\include\winuser.rh(789): warning RC4005: 'HTTRANSPARENT' : redefinition
  
LittleBearMainServer.rc(14): warning RC4005: 'IDOK' : redefinition
  
LittleBearMainServer.rc(15): warning RC4005: 'IDCANCEL' : redefinition
  
LittleBearMainServer.rc(17): warning RC4005: 'WINDOW_ICON' : redefinition
  
  正在生成代码
  0 of 1482 functions ( 0.0%) were compiled, the rest were copied from previous compilation.
    0 functions were new in current compilation
    0 functions had inline decision re-evaluated but remain unchanged
  已完成代码的生成
zlib.lib(zutil.obj) : warning LNK4049: 已导入本地定义的符号 _malloc
zlib.lib(zutil.obj) : warning LNK4049: 已导入本地定义的符号 _free
zlib.lib(adler32.obj) : warning LNK4099: 未找到 PDB“zlib.pdb”(使用“zlib.lib(adler32.obj)”或在“D:\vsproject\LittleBear\Release\zlib.pdb”中寻找)；正在链接对象，如同没有调试信息一样
zlib.lib(crc32.obj) : warning LNK4099: 未找到 PDB“zlib.pdb”(使用“zlib.lib(crc32.obj)”或在“D:\vsproject\LittleBear\Release\zlib.pdb”中寻找)；正在链接对象，如同没有调试信息一样
zlib.lib(inflate.obj) : warning LNK4099: 未找到 PDB“zlib.pdb”(使用“zlib.lib(inflate.obj)”或在“D:\vsproject\LittleBear\Release\zlib.pdb”中寻找)；正在链接对象，如同没有调试信息一样
zlib.lib(inftrees.obj) : warning LNK4099: 未找到 PDB“zlib.pdb”(使用“zlib.lib(inftrees.obj)”或在“D:\vsproject\LittleBear\Release\zlib.pdb”中寻找)；正在链接对象，如同没有调试信息一样
zlib.lib(uncompr.obj) : warning LNK4099: 未找到 PDB“zlib.pdb”(使用“zlib.lib(uncompr.obj)”或在“D:\vsproject\LittleBear\Release\zlib.pdb”中寻找)；正在链接对象，如同没有调试信息一样
zlib.lib(zutil.obj) : warning LNK4099: 未找到 PDB“zlib.pdb”(使用“zlib.lib(zutil.obj)”或在“D:\vsproject\LittleBear\Release\zlib.pdb”中寻找)；正在链接对象，如同没有调试信息一样
  LittleBearMainServer.vcxproj -> D:\vsproject\LittleBear\Release\LittleBearMainServer.exe
  LittleBearMainServer.vcxproj -> D:\vsproject\LittleBear\Release\LittleBearMainServer.pdb (Full PDB)
