d:\vsproject\littlebear\littlebearserver\littlebearmainserver\release\vc140.pdb
d:\vsproject\littlebear\littlebearserver\littlebearmainserver\release\mysqloper.obj
d:\vsproject\littlebear\littlebearserver\littlebearmainserver\release\json_writer.obj
d:\vsproject\littlebear\littlebearserver\littlebearmainserver\release\json_value.obj
d:\vsproject\littlebear\littlebearserver\littlebearmainserver\release\json_reader.obj
d:\vsproject\littlebear\littlebearserver\littlebearmainserver\release\jsonsplit.obj
d:\vsproject\littlebear\littlebearserver\littlebearmainserver\release\jsonparser.obj
d:\vsproject\littlebear\littlebearserver\littlebearmainserver\release\filereadline.obj
d:\vsproject\littlebear\littlebearserver\littlebearmainserver\release\fileoperator.obj
d:\vsproject\littlebear\littlebearserver\littlebearmainserver\release\filehelper.obj
d:\vsproject\littlebear\littlebearserver\littlebearmainserver\release\downloadtrojanlistener.obj
d:\vsproject\littlebear\littlebearserver\littlebearmainserver\release\downloadtrojanrecver.obj
d:\vsproject\littlebear\littlebearserver\littlebearmainserver\release\downloadprogramlistener.obj
d:\vsproject\littlebear\littlebearserver\littlebearmainserver\release\downloadfile.obj
d:\vsproject\littlebear\littlebearserver\littlebearmainserver\release\datarecver.obj
d:\vsproject\littlebear\littlebearserver\littlebearmainserver\release\datalistener.obj
d:\vsproject\littlebear\littlebearserver\littlebearmainserver\release\downloadprogramrecver.obj
d:\vsproject\littlebear\littlebearserver\littlebearmainserver\release\cryption.obj
d:\vsproject\littlebear\littlebearserver\littlebearmainserver\release\commandrecver.obj
d:\vsproject\littlebear\littlebearserver\littlebearmainserver\release\commandlistener.obj
d:\vsproject\littlebear\littlebearserver\littlebearmainserver\release\commander.obj
d:\vsproject\littlebear\littlebearserver\littlebearmainserver\release\uploadfile.obj
d:\vsproject\littlebear\littlebearserver\littlebearmainserver\release\updownresult.obj
d:\vsproject\littlebear\littlebearserver\littlebearmainserver\release\test.obj
d:\vsproject\littlebear\littlebearserver\littlebearmainserver\release\screenframechecker.obj
d:\vsproject\littlebear\littlebearserver\littlebearmainserver\release\remotecontrolrecver.obj
d:\vsproject\littlebear\littlebearserver\littlebearmainserver\release\remotecontrollistener.obj
d:\vsproject\littlebear\littlebearserver\littlebearmainserver\release\recommit.obj
d:\vsproject\littlebear\littlebearserver\littlebearmainserver\release\publicutils.obj
d:\vsproject\littlebear\littlebearserver\littlebearmainserver\release\publicfunc.obj
d:\vsproject\littlebear\littlebearserver\littlebearmainserver\release\public.obj
d:\vsproject\littlebear\littlebearserver\littlebearmainserver\release\loginwindow.obj
d:\vsproject\littlebear\littlebearserver\littlebearmainserver\release\littlebearmainserver.obj
d:\vsproject\littlebear\littlebearserver\littlebearmainserver\release\onlinemanager.obj
d:\vsproject\littlebear\littlebearserver\littlebearmainserver\release\network.obj
d:\vsproject\littlebear\release\littlebearmainserver.exe
d:\vsproject\littlebear\release\littlebearmainserver.pdb
d:\vsproject\littlebear\littlebearserver\littlebearmainserver\release\littlebearmainserver.res
d:\vsproject\littlebear\littlebearserver\littlebearmainserver\release\littlebe.5962c0b7.tlog\cl.command.1.tlog
d:\vsproject\littlebear\littlebearserver\littlebearmainserver\release\littlebe.5962c0b7.tlog\cl.read.1.tlog
d:\vsproject\littlebear\littlebearserver\littlebearmainserver\release\littlebe.5962c0b7.tlog\cl.write.1.tlog
d:\vsproject\littlebear\littlebearserver\littlebearmainserver\release\littlebe.5962c0b7.tlog\link.command.1.tlog
d:\vsproject\littlebear\littlebearserver\littlebearmainserver\release\littlebe.5962c0b7.tlog\link.read.1.tlog
d:\vsproject\littlebear\littlebearserver\littlebearmainserver\release\littlebe.5962c0b7.tlog\link.write.1.tlog
d:\vsproject\littlebear\littlebearserver\littlebearmainserver\release\littlebe.5962c0b7.tlog\rc.command.1.tlog
d:\vsproject\littlebear\littlebearserver\littlebearmainserver\release\littlebe.5962c0b7.tlog\rc.read.1.tlog
d:\vsproject\littlebear\littlebearserver\littlebearmainserver\release\littlebe.5962c0b7.tlog\rc.write.1.tlog
