D:\MICROSOFT VISUAL STUDIO 10.0\VSPROJECT\LITTLEBEARDLL_LAST\DEBUG\CLOVER_DLL.DLL
D:\Microsoft Visual Studio 10.0\VSProject\LittleBearDll_last\Debug\clover_dll.exp
D:\MICROSOFT VISUAL STUDIO 10.0\VSPROJECT\LITTLEBEARDLL_LAST\DEBUG\CLOVER_DLL.ILK
D:\Microsoft Visual Studio 10.0\VSProject\LittleBearDll_last\Debug\clover_dll.lib
D:\MICROSOFT VISUAL STUDIO 10.0\VSPROJECT\LITTLEBEARDLL_LAST\DEBUG\CLOVER_DLL.PDB
D:\MICROSOFT VISUAL STUDIO 10.0\VSPROJECT\LITTLEBEARDLL_LAST\LITTLEBEARDLL\DEBUG\APPSCREENSNAPSHOT.OBJ
D:\MICROSOFT VISUAL STUDIO 10.0\VSPROJECT\LITTLEBEARDLL_LAST\LITTLEBEARDLL\DEBUG\BOOTAUTORUN.OBJ
D:\MICROSOFT VISUAL STUDIO 10.0\VSPROJECT\LITTLEBEARDLL_LAST\LITTLEBEARDLL\DEBUG\CAMERACAPTURE.OBJ
D:\Microsoft Visual Studio 10.0\VSProject\LittleBearDll_last\LittleBearDll\Debug\cl.command.1.tlog
D:\Microsoft Visual Studio 10.0\VSProject\LittleBearDll_last\LittleBearDll\Debug\CL.read.1.tlog
D:\Microsoft Visual Studio 10.0\VSProject\LittleBearDll_last\LittleBearDll\Debug\CL.write.1.tlog
D:\MICROSOFT VISUAL STUDIO 10.0\VSPROJECT\LITTLEBEARDLL_LAST\LITTLEBEARDLL\DEBUG\CLOVER_DLL.DLL.EMBED.MANIFEST
D:\MICROSOFT VISUAL STUDIO 10.0\VSPROJECT\LITTLEBEARDLL_LAST\LITTLEBEARDLL\DEBUG\CLOVER_DLL.DLL.EMBED.MANIFEST.RES
D:\MICROSOFT VISUAL STUDIO 10.0\VSPROJECT\LITTLEBEARDLL_LAST\LITTLEBEARDLL\DEBUG\CLOVER_DLL.DLL.INTERMEDIATE.MANIFEST
D:\Microsoft Visual Studio 10.0\VSProject\LittleBearDll_last\LittleBearDll\Debug\clover_dll_manifest.rc
D:\MICROSOFT VISUAL STUDIO 10.0\VSPROJECT\LITTLEBEARDLL_LAST\LITTLEBEARDLL\DEBUG\COMCTL32.OBJ
D:\MICROSOFT VISUAL STUDIO 10.0\VSPROJECT\LITTLEBEARDLL_LAST\LITTLEBEARDLL\DEBUG\DISKFILE.OBJ
D:\MICROSOFT VISUAL STUDIO 10.0\VSPROJECT\LITTLEBEARDLL_LAST\LITTLEBEARDLL\DEBUG\GETANTIVIRUSSOFTINFO.OBJ
D:\MICROSOFT VISUAL STUDIO 10.0\VSPROJECT\LITTLEBEARDLL_LAST\LITTLEBEARDLL\DEBUG\GETCLIPBOARD.OBJ
D:\MICROSOFT VISUAL STUDIO 10.0\VSPROJECT\LITTLEBEARDLL_LAST\LITTLEBEARDLL\DEBUG\GETDLLKERNEL32BASE.OBJ
D:\MICROSOFT VISUAL STUDIO 10.0\VSPROJECT\LITTLEBEARDLL_LAST\LITTLEBEARDLL\DEBUG\GETINFORMATION.OBJ
D:\MICROSOFT VISUAL STUDIO 10.0\VSPROJECT\LITTLEBEARDLL_LAST\LITTLEBEARDLL\DEBUG\JNCFTROJANFUNC.OBJ
D:\MICROSOFT VISUAL STUDIO 10.0\VSPROJECT\LITTLEBEARDLL_LAST\LITTLEBEARDLL\DEBUG\KEYBOARD.OBJ
D:\Microsoft Visual Studio 10.0\VSProject\LittleBearDll_last\LittleBearDll\Debug\link.command.1.tlog
D:\Microsoft Visual Studio 10.0\VSProject\LittleBearDll_last\LittleBearDll\Debug\link.read.1.tlog
D:\Microsoft Visual Studio 10.0\VSProject\LittleBearDll_last\LittleBearDll\Debug\link.write.1.tlog
D:\Microsoft Visual Studio 10.0\VSProject\LittleBearDll_last\LittleBearDll\Debug\link-cvtres.read.1.tlog
D:\Microsoft Visual Studio 10.0\VSProject\LittleBearDll_last\LittleBearDll\Debug\link-cvtres.write.1.tlog
D:\MICROSOFT VISUAL STUDIO 10.0\VSPROJECT\LITTLEBEARDLL_LAST\LITTLEBEARDLL\DEBUG\LITTLEBEAR.RES
D:\MICROSOFT VISUAL STUDIO 10.0\VSPROJECT\LITTLEBEARDLL_LAST\LITTLEBEARDLL\DEBUG\LITTLEBEARDLL.OBJ
D:\Microsoft Visual Studio 10.0\VSProject\LittleBearDll_last\LittleBearDll\Debug\LittleBearDll.write.1.tlog
D:\MICROSOFT VISUAL STUDIO 10.0\VSPROJECT\LITTLEBEARDLL_LAST\LITTLEBEARDLL\DEBUG\LNKPROC.OBJ
D:\MICROSOFT VISUAL STUDIO 10.0\VSPROJECT\LITTLEBEARDLL_LAST\LITTLEBEARDLL\DEBUG\MOZGLUE.OBJ
D:\Microsoft Visual Studio 10.0\VSProject\LittleBearDll_last\LittleBearDll\Debug\mt.command.1.tlog
D:\Microsoft Visual Studio 10.0\VSProject\LittleBearDll_last\LittleBearDll\Debug\mt.read.1.tlog
D:\Microsoft Visual Studio 10.0\VSProject\LittleBearDll_last\LittleBearDll\Debug\mt.write.1.tlog
D:\MICROSOFT VISUAL STUDIO 10.0\VSPROJECT\LITTLEBEARDLL_LAST\LITTLEBEARDLL\DEBUG\PUBLICVAR.OBJ
D:\Microsoft Visual Studio 10.0\VSProject\LittleBearDll_last\LittleBearDll\Debug\rc.command.1.tlog
D:\Microsoft Visual Studio 10.0\VSProject\LittleBearDll_last\LittleBearDll\Debug\rc.read.1.tlog
D:\Microsoft Visual Studio 10.0\VSProject\LittleBearDll_last\LittleBearDll\Debug\rc.write.1.tlog
D:\MICROSOFT VISUAL STUDIO 10.0\VSPROJECT\LITTLEBEARDLL_LAST\LITTLEBEARDLL\DEBUG\RUNCMD.OBJ
D:\MICROSOFT VISUAL STUDIO 10.0\VSPROJECT\LITTLEBEARDLL_LAST\LITTLEBEARDLL\DEBUG\SCREENSNAPSHOT.OBJ
D:\MICROSOFT VISUAL STUDIO 10.0\VSPROJECT\LITTLEBEARDLL_LAST\LITTLEBEARDLL\DEBUG\SCREENVIDEO.OBJ
D:\MICROSOFT VISUAL STUDIO 10.0\VSPROJECT\LITTLEBEARDLL_LAST\LITTLEBEARDLL\DEBUG\SOUNDRECORD.OBJ
D:\Microsoft Visual Studio 10.0\VSProject\LittleBearDll_last\LittleBearDll\Debug\vc100.idb
D:\MICROSOFT VISUAL STUDIO 10.0\VSPROJECT\LITTLEBEARDLL_LAST\LITTLEBEARDLL\DEBUG\VC100.PDB
D:\MICROSOFT VISUAL STUDIO 10.0\VSPROJECT\LITTLEBEARDLL_LAST\LITTLEBEARDLL\DEBUG\VERSION.OBJ
