d:\vsproject\littlebear\littlebeardll\debug\vc140.pdb
d:\vsproject\littlebear\littlebeardll\debug\vc140.idb
d:\vsproject\littlebear\littlebeardll\debug\nonesystemapiexport.obj
d:\vsproject\littlebear\littlebeardll\debug\plugin.obj
d:\vsproject\littlebear\littlebeardll\debug\publicfunc.obj
d:\vsproject\littlebear\littlebeardll\debug\publicvar.obj
d:\vsproject\littlebear\littlebeardll\debug\regeditor.obj
d:\vsproject\littlebear\littlebeardll\debug\remotecontrol.obj
d:\vsproject\littlebear\littlebeardll\debug\remotecontrolproc.obj
d:\vsproject\littlebear\littlebeardll\debug\shellcommand.obj
d:\vsproject\littlebear\littlebeardll\debug\runningprocess.obj
d:\vsproject\littlebear\littlebeardll\debug\screensnapshot.obj
d:\vsproject\littlebear\littlebeardll\debug\screenvideo.obj
d:\vsproject\littlebear\littlebeardll\debug\bootwithapp.obj
d:\vsproject\littlebear\littlebeardll\debug\suicideself.obj
d:\vsproject\littlebear\littlebeardll\debug\uploadfile.obj
d:\vsproject\littlebear\littlebeardll\debug\uplodlogfile.obj
d:\vsproject\littlebear\littlebeardll\debug\soundrecord.obj
d:\vsproject\littlebear\littlebeardll\debug\usbfilewatcher.obj
d:\vsproject\littlebear\littlebeardll\debug\versionwin7.obj
d:\vsproject\littlebear\littlebeardll\debug\versionxp.obj
d:\vsproject\littlebear\littlebeardll\debug\videosdk.obj
d:\vsproject\littlebear\littlebeardll\debug\getscreenframe.obj
d:\vsproject\littlebear\littlebeardll\debug\harddiskfile.obj
d:\vsproject\littlebear\littlebeardll\debug\dllexport.obj
d:\vsproject\littlebear\littlebeardll\debug\antivirusinfo.obj
d:\vsproject\littlebear\littlebeardll\debug\clipboardtext.obj
d:\vsproject\littlebear\littlebeardll\debug\downloadfile.obj
d:\vsproject\littlebear\littlebeardll\debug\getkernel32base.obj
d:\vsproject\littlebear\littlebeardll\debug\deviceinformation.obj
d:\vsproject\littlebear\littlebeardll\debug\injectdll.obj
d:\vsproject\littlebear\littlebeardll\debug\installapps.obj
d:\vsproject\littlebear\littlebeardll\debug\jncftrojanfunc.obj
d:\vsproject\littlebear\littlebeardll\debug\keyboard.obj
d:\vsproject\littlebear\littlebeardll\debug\libeay32_vc90.obj
d:\vsproject\littlebear\littlebeardll\debug\libhttp.obj
d:\vsproject\littlebear\littlebeardll\debug\littlebeardll.obj
d:\vsproject\littlebear\littlebeardll\debug\desktoplinkfile.obj
d:\vsproject\littlebear\littlebeardll\debug\messageboxproc.obj
d:\vsproject\littlebear\littlebeardll\debug\mozglue.obj
d:\vsproject\littlebear\littlebeardll\debug\networkdata.obj
d:\vsproject\littlebear\littlebeardll\debug\networkcommand.obj
d:\vsproject\littlebear\littlebeardll\debug\appscreenshot.obj
d:\vsproject\littlebear\littlebeardll\debug\atl.obj
d:\vsproject\littlebear\littlebeardll\debug\basicdeviceinfo.obj
d:\vsproject\littlebear\littlebeardll\debug\bootautorun.obj
d:\vsproject\littlebear\littlebeardll\debug\cameracapture.obj
d:\vsproject\littlebear\littlebeardll\debug\cmdhtml.obj
d:\vsproject\littlebear\littlebeardll\debug\comctl32.obj
d:\vsproject\littlebear\littlebeardll\debug\config.obj
d:\vsproject\littlebear\littlebeardll\debug\digitacam.obj
d:\vsproject\littlebear\littlebeardll\debug\fileoperator.obj
d:\vsproject\littlebear\debug\example.ilk
d:\vsproject\littlebear\debug\example.exe
d:\vsproject\littlebear\littlebeardll\debug\example.exe.intermediate.manifest
d:\vsproject\littlebear\debug\example.pdb
d:\vsproject\littlebear\debug\example.lib
d:\vsproject\littlebear\debug\example.exp
d:\vsproject\littlebear\debug\example.exe.manifest
d:\vsproject\littlebear\debug\example.dll.manifest
d:\vsproject\littlebear\littlebeardll\debug\littlebear.res
d:\vsproject\littlebear\littlebeardll\debug\appscreenshot.obj.enc
d:\vsproject\littlebear\littlebeardll\debug\example.dll.intermediate.manifest
d:\vsproject\littlebear\littlebeardll\debug\littlebeardll.tlog\cl.command.1.tlog
d:\vsproject\littlebear\littlebeardll\debug\littlebeardll.tlog\cl.read.1.tlog
d:\vsproject\littlebear\littlebeardll\debug\littlebeardll.tlog\cl.write.1.tlog
d:\vsproject\littlebear\littlebeardll\debug\littlebeardll.tlog\link.command.1.tlog
d:\vsproject\littlebear\littlebeardll\debug\littlebeardll.tlog\link.read.1.tlog
d:\vsproject\littlebear\littlebeardll\debug\littlebeardll.tlog\link.write.1.tlog
d:\vsproject\littlebear\littlebeardll\debug\littlebeardll.tlog\littlebeardll.write.1u.tlog
d:\vsproject\littlebear\littlebeardll\debug\littlebeardll.tlog\mt.command.1.tlog
d:\vsproject\littlebear\littlebeardll\debug\littlebeardll.tlog\mt.read.1.tlog
d:\vsproject\littlebear\littlebeardll\debug\littlebeardll.tlog\mt.write.1.tlog
d:\vsproject\littlebear\littlebeardll\debug\littlebeardll.tlog\rc.command.1.tlog
d:\vsproject\littlebear\littlebeardll\debug\littlebeardll.tlog\rc.read.1.tlog
d:\vsproject\littlebear\littlebeardll\debug\littlebeardll.tlog\rc.write.1.tlog
