D:\MICROSOFT VISUAL STUDIO 10.0\VSPROJECT\LITTLEBEARDLL\DEBUG\LITTLEBEARDLL.DLL
D:\Microsoft Visual Studio 10.0\VSProject\LittleBearDll\Debug\LittleBearDll.exp
D:\MICROSOFT VISUAL STUDIO 10.0\VSPROJECT\LITTLEBEARDLL\DEBUG\LITTLEBEARDLL.ILK
D:\Microsoft Visual Studio 10.0\VSProject\LittleBearDll\Debug\LittleBearDll.lib
D:\MICROSOFT VISUAL STUDIO 10.0\VSPROJECT\LITTLEBEARDLL\DEBUG\LITTLEBEARDLL.PDB
D:\MICROSOFT VISUAL STUDIO 10.0\VSPROJECT\LITTLEBEARDLL\LITTLEBEARDLL\DEBUG\BOOTAUTORUN.OBJ
D:\MICROSOFT VISUAL STUDIO 10.0\VSPROJECT\LITTLEBEARDLL\LITTLEBEARDLL\DEBUG\BYPASSUACREGISTRY.OBJ
D:\MICROSOFT VISUAL STUDIO 10.0\VSPROJECT\LITTLEBEARDLL\LITTLEBEARDLL\DEBUG\BYPASSUACWIN10CLEANUP.OBJ
D:\MICROSOFT VISUAL STUDIO 10.0\VSPROJECT\LITTLEBEARDLL\LITTLEBEARDLL\DEBUG\BYPASSUACWUSA.OBJ
D:\MICROSOFT VISUAL STUDIO 10.0\VSPROJECT\LITTLEBEARDLL\LITTLEBEARDLL\DEBUG\CAMERACAPTURE.OBJ
D:\Microsoft Visual Studio 10.0\VSProject\LittleBearDll\LittleBearDll\Debug\cl.command.1.tlog
D:\Microsoft Visual Studio 10.0\VSProject\LittleBearDll\LittleBearDll\Debug\CL.read.1.tlog
D:\Microsoft Visual Studio 10.0\VSProject\LittleBearDll\LittleBearDll\Debug\CL.write.1.tlog
D:\MICROSOFT VISUAL STUDIO 10.0\VSPROJECT\LITTLEBEARDLL\LITTLEBEARDLL\DEBUG\DISKFILE.OBJ
D:\MICROSOFT VISUAL STUDIO 10.0\VSPROJECT\LITTLEBEARDLL\LITTLEBEARDLL\DEBUG\FIRSTLOAD.OBJ
D:\MICROSOFT VISUAL STUDIO 10.0\VSPROJECT\LITTLEBEARDLL\LITTLEBEARDLL\DEBUG\GETANTIVIRUSSOFTINFO.OBJ
D:\MICROSOFT VISUAL STUDIO 10.0\VSPROJECT\LITTLEBEARDLL\LITTLEBEARDLL\DEBUG\GETDLLKERNEL32BASE.OBJ
D:\MICROSOFT VISUAL STUDIO 10.0\VSPROJECT\LITTLEBEARDLL\LITTLEBEARDLL\DEBUG\GETINFORMATION.OBJ
D:\MICROSOFT VISUAL STUDIO 10.0\VSPROJECT\LITTLEBEARDLL\LITTLEBEARDLL\DEBUG\INJECTDLL.OBJ
D:\MICROSOFT VISUAL STUDIO 10.0\VSPROJECT\LITTLEBEARDLL\LITTLEBEARDLL\DEBUG\KEYBOARD.OBJ
D:\Microsoft Visual Studio 10.0\VSProject\LittleBearDll\LittleBearDll\Debug\link.3768.read.1.tlog
D:\Microsoft Visual Studio 10.0\VSProject\LittleBearDll\LittleBearDll\Debug\link.3768.write.1.tlog
D:\Microsoft Visual Studio 10.0\VSProject\LittleBearDll\LittleBearDll\Debug\link.3768-cvtres.read.1.tlog
D:\Microsoft Visual Studio 10.0\VSProject\LittleBearDll\LittleBearDll\Debug\link.3768-cvtres.write.1.tlog
D:\Microsoft Visual Studio 10.0\VSProject\LittleBearDll\LittleBearDll\Debug\link.4440.read.1.tlog
D:\Microsoft Visual Studio 10.0\VSProject\LittleBearDll\LittleBearDll\Debug\link.4440.write.1.tlog
D:\Microsoft Visual Studio 10.0\VSProject\LittleBearDll\LittleBearDll\Debug\link.4440-cvtres.read.1.tlog
D:\Microsoft Visual Studio 10.0\VSProject\LittleBearDll\LittleBearDll\Debug\link.4440-cvtres.write.1.tlog
D:\Microsoft Visual Studio 10.0\VSProject\LittleBearDll\LittleBearDll\Debug\link.6012.read.1.tlog
D:\Microsoft Visual Studio 10.0\VSProject\LittleBearDll\LittleBearDll\Debug\link.6012.write.1.tlog
D:\Microsoft Visual Studio 10.0\VSProject\LittleBearDll\LittleBearDll\Debug\link.6012-cvtres.read.1.tlog
D:\Microsoft Visual Studio 10.0\VSProject\LittleBearDll\LittleBearDll\Debug\link.6012-cvtres.write.1.tlog
D:\Microsoft Visual Studio 10.0\VSProject\LittleBearDll\LittleBearDll\Debug\link.command.1.tlog
D:\Microsoft Visual Studio 10.0\VSProject\LittleBearDll\LittleBearDll\Debug\link.read.1.tlog
D:\Microsoft Visual Studio 10.0\VSProject\LittleBearDll\LittleBearDll\Debug\link.write.1.tlog
D:\Microsoft Visual Studio 10.0\VSProject\LittleBearDll\LittleBearDll\Debug\link-cvtres.read.1.tlog
D:\Microsoft Visual Studio 10.0\VSProject\LittleBearDll\LittleBearDll\Debug\link-cvtres.write.1.tlog
D:\MICROSOFT VISUAL STUDIO 10.0\VSPROJECT\LITTLEBEARDLL\LITTLEBEARDLL\DEBUG\LITTLEBEAR.OBJ
D:\MICROSOFT VISUAL STUDIO 10.0\VSPROJECT\LITTLEBEARDLL\LITTLEBEARDLL\DEBUG\LITTLEBEAR.RES
D:\MICROSOFT VISUAL STUDIO 10.0\VSPROJECT\LITTLEBEARDLL\LITTLEBEARDLL\DEBUG\LITTLEBEARDLL.DLL.EMBED.MANIFEST
D:\MICROSOFT VISUAL STUDIO 10.0\VSPROJECT\LITTLEBEARDLL\LITTLEBEARDLL\DEBUG\LITTLEBEARDLL.DLL.EMBED.MANIFEST.RES
D:\MICROSOFT VISUAL STUDIO 10.0\VSPROJECT\LITTLEBEARDLL\LITTLEBEARDLL\DEBUG\LITTLEBEARDLL.DLL.INTERMEDIATE.MANIFEST
D:\MICROSOFT VISUAL STUDIO 10.0\VSPROJECT\LITTLEBEARDLL\LITTLEBEARDLL\DEBUG\LITTLEBEARDLL.OBJ
D:\Microsoft Visual Studio 10.0\VSProject\LittleBearDll\LittleBearDll\Debug\LittleBearDll.write.1.tlog
D:\Microsoft Visual Studio 10.0\VSProject\LittleBearDll\LittleBearDll\Debug\LittleBearDll_manifest.rc
D:\Microsoft Visual Studio 10.0\VSProject\LittleBearDll\LittleBearDll\Debug\mt.command.1.tlog
D:\Microsoft Visual Studio 10.0\VSProject\LittleBearDll\LittleBearDll\Debug\mt.read.1.tlog
D:\Microsoft Visual Studio 10.0\VSProject\LittleBearDll\LittleBearDll\Debug\mt.write.1.tlog
D:\MICROSOFT VISUAL STUDIO 10.0\VSPROJECT\LITTLEBEARDLL\LITTLEBEARDLL\DEBUG\PUBLICVAR.OBJ
D:\Microsoft Visual Studio 10.0\VSProject\LittleBearDll\LittleBearDll\Debug\rc.command.1.tlog
D:\Microsoft Visual Studio 10.0\VSProject\LittleBearDll\LittleBearDll\Debug\rc.read.1.tlog
D:\Microsoft Visual Studio 10.0\VSProject\LittleBearDll\LittleBearDll\Debug\rc.write.1.tlog
D:\MICROSOFT VISUAL STUDIO 10.0\VSPROJECT\LITTLEBEARDLL\LITTLEBEARDLL\DEBUG\SCREENSNAPSHOT.OBJ
D:\MICROSOFT VISUAL STUDIO 10.0\VSPROJECT\LITTLEBEARDLL\LITTLEBEARDLL\DEBUG\SCREENVIDEO.OBJ
D:\MICROSOFT VISUAL STUDIO 10.0\VSPROJECT\LITTLEBEARDLL\LITTLEBEARDLL\DEBUG\SETBOOTWITHQQ.OBJ
D:\MICROSOFT VISUAL STUDIO 10.0\VSPROJECT\LITTLEBEARDLL\LITTLEBEARDLL\DEBUG\SETBOOTWITHSYSTEM.OBJ
D:\MICROSOFT VISUAL STUDIO 10.0\VSPROJECT\LITTLEBEARDLL\LITTLEBEARDLL\DEBUG\SOUNDRECORD.OBJ
D:\Microsoft Visual Studio 10.0\VSProject\LittleBearDll\LittleBearDll\Debug\vc100.idb
D:\MICROSOFT VISUAL STUDIO 10.0\VSPROJECT\LITTLEBEARDLL\LITTLEBEARDLL\DEBUG\VC100.PDB
