d:\vsproject\littlebear\littlebeardllnew\debug\vc140.pdb
d:\vsproject\littlebear\littlebeardllnew\debug\vc140.idb
d:\vsproject\littlebear\littlebeardllnew\debug\shellcommand.obj
d:\vsproject\littlebear\littlebeardllnew\debug\soundrecord.obj
d:\vsproject\littlebear\littlebeardllnew\debug\suicideself.obj
d:\vsproject\littlebear\littlebeardllnew\debug\usbfilewatcher.obj
d:\vsproject\littlebear\littlebeardllnew\debug\initparams.obj
d:\vsproject\littlebear\littlebeardllnew\debug\injectdll.obj
d:\vsproject\littlebear\littlebeardllnew\debug\json_reader.obj
d:\vsproject\littlebear\littlebeardllnew\debug\json_value.obj
d:\vsproject\littlebear\littlebeardllnew\debug\json_writer.obj
d:\vsproject\littlebear\littlebeardllnew\debug\littlebeardll.obj
d:\vsproject\littlebear\littlebeardllnew\debug\downloadfile.obj
d:\vsproject\littlebear\littlebeardllnew\debug\networkcommand.obj
d:\vsproject\littlebear\littlebeardllnew\debug\networkdata.obj
d:\vsproject\littlebear\littlebeardllnew\debug\uploadfile.obj
d:\vsproject\littlebear\littlebeardllnew\debug\uplodlogfile.obj
d:\vsproject\littlebear\littlebeardllnew\debug\nonesystemapiexport.obj
d:\vsproject\littlebear\littlebeardllnew\debug\plugin.obj
d:\vsproject\littlebear\littlebeardllnew\debug\publicfunc.obj
d:\vsproject\littlebear\littlebeardllnew\debug\publicvar.obj
d:\vsproject\littlebear\littlebeardllnew\debug\regeditor.obj
d:\vsproject\littlebear\littlebeardllnew\debug\cryption.obj
d:\vsproject\littlebear\littlebeardllnew\debug\desktoplinkfile.obj
d:\vsproject\littlebear\littlebeardllnew\debug\dllexport.obj
d:\vsproject\littlebear\littlebeardllnew\debug\fileoperator.obj
d:\vsproject\littlebear\littlebeardllnew\debug\appscreenshot.obj
d:\vsproject\littlebear\littlebeardllnew\debug\basicdeviceinfo.obj
d:\vsproject\littlebear\littlebeardllnew\debug\cameracapture.obj
d:\vsproject\littlebear\littlebeardllnew\debug\clipboardtext.obj
d:\vsproject\littlebear\littlebeardllnew\debug\deviceinformation.obj
d:\vsproject\littlebear\littlebeardllnew\debug\getscreenframe.obj
d:\vsproject\littlebear\littlebeardllnew\debug\harddiskfile.obj
d:\vsproject\littlebear\littlebeardllnew\debug\installapps.obj
d:\vsproject\littlebear\littlebeardllnew\debug\keyboard.obj
d:\vsproject\littlebear\littlebeardllnew\debug\lan.obj
d:\vsproject\littlebear\littlebeardllnew\debug\messageboxproc.obj
d:\vsproject\littlebear\littlebeardllnew\debug\remotecontrol.obj
d:\vsproject\littlebear\littlebeardllnew\debug\remotecontrolproc.obj
d:\vsproject\littlebear\littlebeardllnew\debug\runningprocess.obj
d:\vsproject\littlebear\littlebeardllnew\debug\screensnapshot.obj
d:\vsproject\littlebear\littlebeardllnew\debug\screenvideo.obj
d:\vsproject\littlebear\littlebeardllnew\debug\antivirusinfo.obj
d:\vsproject\littlebear\littlebeardllnew\debug\bootautorun.obj
d:\vsproject\littlebear\littlebeardllnew\debug\bootwithapp.obj
d:\vsproject\littlebear\littlebeardllnew\debug\config.obj
d:\vsproject\littlebear\debug\littlebeardllnew.ilk
d:\vsproject\littlebear\debug\littlebeardllnew.exe
d:\vsproject\littlebear\debug\littlebeardllnew.pdb
d:\vsproject\littlebear\debug\littlebeardllnew.lib
d:\vsproject\littlebear\debug\littlebeardllnew.exp
d:\vsproject\littlebear\littlebeardllnew\debug\littlebear.res
d:\vsproject\littlebear\littlebeardllnew\debug\littlebeardllnew.tlog\cl.command.1.tlog
d:\vsproject\littlebear\littlebeardllnew\debug\littlebeardllnew.tlog\cl.read.1.tlog
d:\vsproject\littlebear\littlebeardllnew\debug\littlebeardllnew.tlog\cl.write.1.tlog
d:\vsproject\littlebear\littlebeardllnew\debug\littlebeardllnew.tlog\link.command.1.tlog
d:\vsproject\littlebear\littlebeardllnew\debug\littlebeardllnew.tlog\link.read.1.tlog
d:\vsproject\littlebear\littlebeardllnew\debug\littlebeardllnew.tlog\link.write.1.tlog
d:\vsproject\littlebear\littlebeardllnew\debug\littlebeardllnew.tlog\littlebeardllnew.write.1u.tlog
d:\vsproject\littlebear\littlebeardllnew\debug\littlebeardllnew.tlog\rc.command.1.tlog
d:\vsproject\littlebear\littlebeardllnew\debug\littlebeardllnew.tlog\rc.read.1.tlog
d:\vsproject\littlebear\littlebeardllnew\debug\littlebeardllnew.tlog\rc.write.1.tlog
