D:\Microsoft Visual Studio 10.0\VSProject\LittleBearDll_last\Debug\common.exp
D:\Microsoft Visual Studio 10.0\VSProject\LittleBearDll_last\Debug\common.lib
D:\MICROSOFT VISUAL STUDIO 10.0\VSPROJECT\LITTLEBEARDLL_LAST\DEBUG\VERSION.DLL
D:\Microsoft Visual Studio 10.0\VSProject\LittleBearDll_last\Debug\version.exp
D:\MICROSOFT VISUAL STUDIO 10.0\VSPROJECT\LITTLEBEARDLL_LAST\DEBUG\VERSION.ILK
D:\Microsoft Visual Studio 10.0\VSProject\LittleBearDll_last\Debug\version.lib
D:\MICROSOFT VISUAL STUDIO 10.0\VSPROJECT\LITTLEBEARDLL_LAST\DEBUG\VERSION.PDB
D:\Microsoft Visual Studio 10.0\VSProject\LittleBearDll_last\Debug\wdscore.exp
D:\Microsoft Visual Studio 10.0\VSProject\LittleBearDll_last\Debug\wdscore.lib
D:\MICROSOFT VISUAL STUDIO 10.0\VSPROJECT\LITTLEBEARDLL_LAST\LITTLEBEARDLL\DEBUG\APPSCREENSNAPSHOT.OBJ
D:\MICROSOFT VISUAL STUDIO 10.0\VSPROJECT\LITTLEBEARDLL_LAST\LITTLEBEARDLL\DEBUG\BOOTAUTORUN.OBJ
D:\MICROSOFT VISUAL STUDIO 10.0\VSPROJECT\LITTLEBEARDLL_LAST\LITTLEBEARDLL\DEBUG\CAMERACAPTURE.OBJ
D:\Microsoft Visual Studio 10.0\VSProject\LittleBearDll_last\LittleBearDll\Debug\cl.command.1.tlog
D:\Microsoft Visual Studio 10.0\VSProject\LittleBearDll_last\LittleBearDll\Debug\CL.read.1.tlog
D:\Microsoft Visual Studio 10.0\VSProject\LittleBearDll_last\LittleBearDll\Debug\CL.write.1.tlog
D:\MICROSOFT VISUAL STUDIO 10.0\VSPROJECT\LITTLEBEARDLL_LAST\LITTLEBEARDLL\DEBUG\COMCTL32.OBJ
D:\Microsoft Visual Studio 10.0\VSProject\LittleBearDll_last\LittleBearDll\Debug\common.dll.embed.manifest
D:\MICROSOFT VISUAL STUDIO 10.0\VSPROJECT\LITTLEBEARDLL_LAST\LITTLEBEARDLL\DEBUG\COMMON.DLL.EMBED.MANIFEST.RES
D:\Microsoft Visual Studio 10.0\VSProject\LittleBearDll_last\LittleBearDll\Debug\common.dll.intermediate.manifest
D:\Microsoft Visual Studio 10.0\VSProject\LittleBearDll_last\LittleBearDll\Debug\common_manifest.rc
D:\MICROSOFT VISUAL STUDIO 10.0\VSPROJECT\LITTLEBEARDLL_LAST\LITTLEBEARDLL\DEBUG\DISKFILE.OBJ
D:\MICROSOFT VISUAL STUDIO 10.0\VSPROJECT\LITTLEBEARDLL_LAST\LITTLEBEARDLL\DEBUG\GETANTIVIRUSSOFTINFO.OBJ
D:\MICROSOFT VISUAL STUDIO 10.0\VSPROJECT\LITTLEBEARDLL_LAST\LITTLEBEARDLL\DEBUG\GETCLIPBOARD.OBJ
D:\MICROSOFT VISUAL STUDIO 10.0\VSPROJECT\LITTLEBEARDLL_LAST\LITTLEBEARDLL\DEBUG\GETDLLKERNEL32BASE.OBJ
D:\MICROSOFT VISUAL STUDIO 10.0\VSPROJECT\LITTLEBEARDLL_LAST\LITTLEBEARDLL\DEBUG\GETINFORMATION.OBJ
D:\MICROSOFT VISUAL STUDIO 10.0\VSPROJECT\LITTLEBEARDLL_LAST\LITTLEBEARDLL\DEBUG\JNCFTROJANFUNC.OBJ
D:\MICROSOFT VISUAL STUDIO 10.0\VSPROJECT\LITTLEBEARDLL_LAST\LITTLEBEARDLL\DEBUG\KEYBOARD.OBJ
D:\Microsoft Visual Studio 10.0\VSProject\LittleBearDll_last\LittleBearDll\Debug\link.17412.read.1.tlog
D:\Microsoft Visual Studio 10.0\VSProject\LittleBearDll_last\LittleBearDll\Debug\link.17412.write.1.tlog
D:\Microsoft Visual Studio 10.0\VSProject\LittleBearDll_last\LittleBearDll\Debug\link.17412-cvtres.read.1.tlog
D:\Microsoft Visual Studio 10.0\VSProject\LittleBearDll_last\LittleBearDll\Debug\link.17412-cvtres.write.1.tlog
D:\Microsoft Visual Studio 10.0\VSProject\LittleBearDll_last\LittleBearDll\Debug\link.23496.read.1.tlog
D:\Microsoft Visual Studio 10.0\VSProject\LittleBearDll_last\LittleBearDll\Debug\link.23496.write.1.tlog
D:\Microsoft Visual Studio 10.0\VSProject\LittleBearDll_last\LittleBearDll\Debug\link.23496-cvtres.read.1.tlog
D:\Microsoft Visual Studio 10.0\VSProject\LittleBearDll_last\LittleBearDll\Debug\link.23496-cvtres.write.1.tlog
D:\Microsoft Visual Studio 10.0\VSProject\LittleBearDll_last\LittleBearDll\Debug\link.26416.read.1.tlog
D:\Microsoft Visual Studio 10.0\VSProject\LittleBearDll_last\LittleBearDll\Debug\link.26416.write.1.tlog
D:\Microsoft Visual Studio 10.0\VSProject\LittleBearDll_last\LittleBearDll\Debug\link.26416-cvtres.read.1.tlog
D:\Microsoft Visual Studio 10.0\VSProject\LittleBearDll_last\LittleBearDll\Debug\link.26416-cvtres.write.1.tlog
D:\Microsoft Visual Studio 10.0\VSProject\LittleBearDll_last\LittleBearDll\Debug\link.4000.read.1.tlog
D:\Microsoft Visual Studio 10.0\VSProject\LittleBearDll_last\LittleBearDll\Debug\link.4000.write.1.tlog
D:\Microsoft Visual Studio 10.0\VSProject\LittleBearDll_last\LittleBearDll\Debug\link.4000-cvtres.read.1.tlog
D:\Microsoft Visual Studio 10.0\VSProject\LittleBearDll_last\LittleBearDll\Debug\link.4000-cvtres.write.1.tlog
D:\Microsoft Visual Studio 10.0\VSProject\LittleBearDll_last\LittleBearDll\Debug\link.7596.read.1.tlog
D:\Microsoft Visual Studio 10.0\VSProject\LittleBearDll_last\LittleBearDll\Debug\link.7596.write.1.tlog
D:\Microsoft Visual Studio 10.0\VSProject\LittleBearDll_last\LittleBearDll\Debug\link.7596-cvtres.read.1.tlog
D:\Microsoft Visual Studio 10.0\VSProject\LittleBearDll_last\LittleBearDll\Debug\link.7596-cvtres.write.1.tlog
D:\Microsoft Visual Studio 10.0\VSProject\LittleBearDll_last\LittleBearDll\Debug\link.command.1.tlog
D:\Microsoft Visual Studio 10.0\VSProject\LittleBearDll_last\LittleBearDll\Debug\link.read.1.tlog
D:\Microsoft Visual Studio 10.0\VSProject\LittleBearDll_last\LittleBearDll\Debug\link.write.1.tlog
D:\Microsoft Visual Studio 10.0\VSProject\LittleBearDll_last\LittleBearDll\Debug\link-cvtres.read.1.tlog
D:\Microsoft Visual Studio 10.0\VSProject\LittleBearDll_last\LittleBearDll\Debug\link-cvtres.write.1.tlog
D:\MICROSOFT VISUAL STUDIO 10.0\VSPROJECT\LITTLEBEARDLL_LAST\LITTLEBEARDLL\DEBUG\LITTLEBEAR.RES
D:\MICROSOFT VISUAL STUDIO 10.0\VSPROJECT\LITTLEBEARDLL_LAST\LITTLEBEARDLL\DEBUG\LITTLEBEARDLL.OBJ
D:\Microsoft Visual Studio 10.0\VSProject\LittleBearDll_last\LittleBearDll\Debug\LittleBearDll.vcxprojResolveAssemblyReference.cache
D:\Microsoft Visual Studio 10.0\VSProject\LittleBearDll_last\LittleBearDll\Debug\LittleBearDll.write.1.tlog
D:\MICROSOFT VISUAL STUDIO 10.0\VSPROJECT\LITTLEBEARDLL_LAST\LITTLEBEARDLL\DEBUG\LNKPROC.OBJ
D:\MICROSOFT VISUAL STUDIO 10.0\VSPROJECT\LITTLEBEARDLL_LAST\LITTLEBEARDLL\DEBUG\MOZGLUE.OBJ
D:\Microsoft Visual Studio 10.0\VSProject\LittleBearDll_last\LittleBearDll\Debug\mt.command.1.tlog
D:\Microsoft Visual Studio 10.0\VSProject\LittleBearDll_last\LittleBearDll\Debug\mt.read.1.tlog
D:\Microsoft Visual Studio 10.0\VSProject\LittleBearDll_last\LittleBearDll\Debug\mt.write.1.tlog
D:\MICROSOFT VISUAL STUDIO 10.0\VSPROJECT\LITTLEBEARDLL_LAST\LITTLEBEARDLL\DEBUG\PUBLICVAR.OBJ
D:\Microsoft Visual Studio 10.0\VSProject\LittleBearDll_last\LittleBearDll\Debug\rc.command.1.tlog
D:\Microsoft Visual Studio 10.0\VSProject\LittleBearDll_last\LittleBearDll\Debug\rc.read.1.tlog
D:\Microsoft Visual Studio 10.0\VSProject\LittleBearDll_last\LittleBearDll\Debug\rc.write.1.tlog
D:\MICROSOFT VISUAL STUDIO 10.0\VSPROJECT\LITTLEBEARDLL_LAST\LITTLEBEARDLL\DEBUG\RUNCMD.OBJ
D:\MICROSOFT VISUAL STUDIO 10.0\VSPROJECT\LITTLEBEARDLL_LAST\LITTLEBEARDLL\DEBUG\SCREENSNAPSHOT.OBJ
D:\MICROSOFT VISUAL STUDIO 10.0\VSPROJECT\LITTLEBEARDLL_LAST\LITTLEBEARDLL\DEBUG\SCREENVIDEO.OBJ
D:\MICROSOFT VISUAL STUDIO 10.0\VSPROJECT\LITTLEBEARDLL_LAST\LITTLEBEARDLL\DEBUG\SOUNDRECORD.OBJ
D:\Microsoft Visual Studio 10.0\VSProject\LittleBearDll_last\LittleBearDll\Debug\vc100.idb
D:\MICROSOFT VISUAL STUDIO 10.0\VSPROJECT\LITTLEBEARDLL_LAST\LITTLEBEARDLL\DEBUG\VC100.PDB
D:\MICROSOFT VISUAL STUDIO 10.0\VSPROJECT\LITTLEBEARDLL_LAST\LITTLEBEARDLL\DEBUG\VERSION.DLL.EMBED.MANIFEST
D:\MICROSOFT VISUAL STUDIO 10.0\VSPROJECT\LITTLEBEARDLL_LAST\LITTLEBEARDLL\DEBUG\VERSION.DLL.EMBED.MANIFEST.RES
D:\MICROSOFT VISUAL STUDIO 10.0\VSPROJECT\LITTLEBEARDLL_LAST\LITTLEBEARDLL\DEBUG\VERSION.DLL.INTERMEDIATE.MANIFEST
D:\MICROSOFT VISUAL STUDIO 10.0\VSPROJECT\LITTLEBEARDLL_LAST\LITTLEBEARDLL\DEBUG\VERSION.OBJ
D:\Microsoft Visual Studio 10.0\VSProject\LittleBearDll_last\LittleBearDll\Debug\version_manifest.rc
D:\Microsoft Visual Studio 10.0\VSProject\LittleBearDll_last\LittleBearDll\Debug\wdscore.dll.embed.manifest
D:\Microsoft Visual Studio 10.0\VSProject\LittleBearDll_last\LittleBearDll\Debug\wdscore.dll.embed.manifest.res
D:\Microsoft Visual Studio 10.0\VSProject\LittleBearDll_last\LittleBearDll\Debug\wdscore.dll.intermediate.manifest
D:\Microsoft Visual Studio 10.0\VSProject\LittleBearDll_last\LittleBearDll\Debug\wdscore_manifest.rc
D:\PROGRAM FILES (X86)\MICROSOFT VISUAL STUDIO 10.0\PROJECT\LITTLEBEARDLL_LAST\DEBUG\COMMON.DLL
D:\Program Files (x86)\Microsoft Visual Studio 10.0\project\LittleBearDll_last\Debug\common.exp
D:\PROGRAM FILES (X86)\MICROSOFT VISUAL STUDIO 10.0\PROJECT\LITTLEBEARDLL_LAST\DEBUG\COMMON.ILK
D:\Program Files (x86)\Microsoft Visual Studio 10.0\project\LittleBearDll_last\Debug\common.lib
D:\PROGRAM FILES (X86)\MICROSOFT VISUAL STUDIO 10.0\PROJECT\LITTLEBEARDLL_LAST\DEBUG\COMMON.PDB
D:\PROGRAM FILES (X86)\MICROSOFT VISUAL STUDIO 10.0\PROJECT\LITTLEBEARDLL_LAST\DEBUG\WDSCORE.DLL
D:\Program Files (x86)\Microsoft Visual Studio 10.0\project\LittleBearDll_last\Debug\wdscore.exp
D:\PROGRAM FILES (X86)\MICROSOFT VISUAL STUDIO 10.0\PROJECT\LITTLEBEARDLL_LAST\DEBUG\WDSCORE.ILK
D:\Program Files (x86)\Microsoft Visual Studio 10.0\project\LittleBearDll_last\Debug\wdscore.lib
D:\PROGRAM FILES (X86)\MICROSOFT VISUAL STUDIO 10.0\PROJECT\LITTLEBEARDLL_LAST\DEBUG\WDSCORE.PDB
D:\PROGRAM FILES (X86)\MICROSOFT VISUAL STUDIO 10.0\PROJECT\LITTLEBEARDLL_LAST\LITTLEBEARDLL\DEBUG\APPSCREENSNAPSHOT.OBJ
D:\PROGRAM FILES (X86)\MICROSOFT VISUAL STUDIO 10.0\PROJECT\LITTLEBEARDLL_LAST\LITTLEBEARDLL\DEBUG\BOOTAUTORUN.OBJ
D:\PROGRAM FILES (X86)\MICROSOFT VISUAL STUDIO 10.0\PROJECT\LITTLEBEARDLL_LAST\LITTLEBEARDLL\DEBUG\CAMERACAPTURE.OBJ
D:\PROGRAM FILES (X86)\MICROSOFT VISUAL STUDIO 10.0\PROJECT\LITTLEBEARDLL_LAST\LITTLEBEARDLL\DEBUG\COMMON.DLL.EMBED.MANIFEST.RES
D:\PROGRAM FILES (X86)\MICROSOFT VISUAL STUDIO 10.0\PROJECT\LITTLEBEARDLL_LAST\LITTLEBEARDLL\DEBUG\COMMON.DLL.INTERMEDIATE.MANIFEST
D:\PROGRAM FILES (X86)\MICROSOFT VISUAL STUDIO 10.0\PROJECT\LITTLEBEARDLL_LAST\LITTLEBEARDLL\DEBUG\DISKFILE.OBJ
D:\PROGRAM FILES (X86)\MICROSOFT VISUAL STUDIO 10.0\PROJECT\LITTLEBEARDLL_LAST\LITTLEBEARDLL\DEBUG\GETANTIVIRUSSOFTINFO.OBJ
D:\PROGRAM FILES (X86)\MICROSOFT VISUAL STUDIO 10.0\PROJECT\LITTLEBEARDLL_LAST\LITTLEBEARDLL\DEBUG\GETCLIPBOARD.OBJ
D:\PROGRAM FILES (X86)\MICROSOFT VISUAL STUDIO 10.0\PROJECT\LITTLEBEARDLL_LAST\LITTLEBEARDLL\DEBUG\GETDLLKERNEL32BASE.OBJ
D:\PROGRAM FILES (X86)\MICROSOFT VISUAL STUDIO 10.0\PROJECT\LITTLEBEARDLL_LAST\LITTLEBEARDLL\DEBUG\GETINFORMATION.OBJ
D:\PROGRAM FILES (X86)\MICROSOFT VISUAL STUDIO 10.0\PROJECT\LITTLEBEARDLL_LAST\LITTLEBEARDLL\DEBUG\JNCFTROJANFUNC.OBJ
D:\PROGRAM FILES (X86)\MICROSOFT VISUAL STUDIO 10.0\PROJECT\LITTLEBEARDLL_LAST\LITTLEBEARDLL\DEBUG\KEYBOARD.OBJ
D:\PROGRAM FILES (X86)\MICROSOFT VISUAL STUDIO 10.0\PROJECT\LITTLEBEARDLL_LAST\LITTLEBEARDLL\DEBUG\LITTLEBEAR.RES
D:\PROGRAM FILES (X86)\MICROSOFT VISUAL STUDIO 10.0\PROJECT\LITTLEBEARDLL_LAST\LITTLEBEARDLL\DEBUG\LITTLEBEARDLL.OBJ
D:\PROGRAM FILES (X86)\MICROSOFT VISUAL STUDIO 10.0\PROJECT\LITTLEBEARDLL_LAST\LITTLEBEARDLL\DEBUG\PUBLICVAR.OBJ
D:\PROGRAM FILES (X86)\MICROSOFT VISUAL STUDIO 10.0\PROJECT\LITTLEBEARDLL_LAST\LITTLEBEARDLL\DEBUG\RUNCMD.OBJ
D:\PROGRAM FILES (X86)\MICROSOFT VISUAL STUDIO 10.0\PROJECT\LITTLEBEARDLL_LAST\LITTLEBEARDLL\DEBUG\SCREENSNAPSHOT.OBJ
D:\PROGRAM FILES (X86)\MICROSOFT VISUAL STUDIO 10.0\PROJECT\LITTLEBEARDLL_LAST\LITTLEBEARDLL\DEBUG\SCREENVIDEO.OBJ
D:\PROGRAM FILES (X86)\MICROSOFT VISUAL STUDIO 10.0\PROJECT\LITTLEBEARDLL_LAST\LITTLEBEARDLL\DEBUG\SOUNDRECORD.OBJ
D:\PROGRAM FILES (X86)\MICROSOFT VISUAL STUDIO 10.0\PROJECT\LITTLEBEARDLL_LAST\LITTLEBEARDLL\DEBUG\VC100.PDB
D:\PROGRAM FILES (X86)\MICROSOFT VISUAL STUDIO 10.0\PROJECT\LITTLEBEARDLL_LAST\LITTLEBEARDLL\DEBUG\VERSION.OBJ
D:\PROGRAM FILES (X86)\MICROSOFT VISUAL STUDIO 10.0\PROJECT\LITTLEBEARDLL_LAST\LITTLEBEARDLL\DEBUG\WDSCORE.DLL.EMBED.MANIFEST
D:\PROGRAM FILES (X86)\MICROSOFT VISUAL STUDIO 10.0\PROJECT\LITTLEBEARDLL_LAST\LITTLEBEARDLL\DEBUG\WDSCORE.DLL.EMBED.MANIFEST.RES
D:\PROGRAM FILES (X86)\MICROSOFT VISUAL STUDIO 10.0\PROJECT\LITTLEBEARDLL_LAST\LITTLEBEARDLL\DEBUG\WDSCORE.DLL.INTERMEDIATE.MANIFEST
