D:\MICROSOFT VISUAL STUDIO 10.0\VSPROJECT\LITTLEBEARDLL_LAST\DEBUG\WDSCORE.DLL
D:\Microsoft Visual Studio 10.0\VSProject\LittleBearDll_last\Debug\wdscore.exp
D:\MICROSOFT VISUAL STUDIO 10.0\VSPROJECT\LITTLEBEARDLL_LAST\DEBUG\WDSCORE.ILK
D:\Microsoft Visual Studio 10.0\VSProject\LittleBearDll_last\Debug\wdscore.lib
D:\MICROSOFT VISUAL STUDIO 10.0\VSPROJECT\LITTLEBEARDLL_LAST\DEBUG\WDSCORE.PDB
D:\MICROSOFT VISUAL STUDIO 10.0\VSPROJECT\LITTLEBEARDLL_LAST\LITTLEBEARDLL\DEBUG\APPSCREENSNAPSHOT.OBJ
D:\MICROSOFT VISUAL STUDIO 10.0\VSPROJECT\LITTLEBEARDLL_LAST\LITTLEBEARDLL\DEBUG\BOOTAUTORUN.OBJ
D:\MICROSOFT VISUAL STUDIO 10.0\VSPROJECT\LITTLEBEARDLL_LAST\LITTLEBEARDLL\DEBUG\CAMERACAPTURE.OBJ
D:\MICROSOFT VISUAL STUDIO 10.0\VSPROJECT\LITTLEBEARDLL_LAST\LITTLEBEARDLL\DEBUG\DISKFILE.OBJ
D:\MICROSOFT VISUAL STUDIO 10.0\VSPROJECT\LITTLEBEARDLL_LAST\LITTLEBEARDLL\DEBUG\GETANTIVIRUSSOFTINFO.OBJ
D:\MICROSOFT VISUAL STUDIO 10.0\VSPROJECT\LITTLEBEARDLL_LAST\LITTLEBEARDLL\DEBUG\GETCLIPBOARD.OBJ
D:\MICROSOFT VISUAL STUDIO 10.0\VSPROJECT\LITTLEBEARDLL_LAST\LITTLEBEARDLL\DEBUG\GETDLLKERNEL32BASE.OBJ
D:\MICROSOFT VISUAL STUDIO 10.0\VSPROJECT\LITTLEBEARDLL_LAST\LITTLEBEARDLL\DEBUG\GETINFORMATION.OBJ
D:\MICROSOFT VISUAL STUDIO 10.0\VSPROJECT\LITTLEBEARDLL_LAST\LITTLEBEARDLL\DEBUG\JNCFTROJANFUNC.OBJ
D:\MICROSOFT VISUAL STUDIO 10.0\VSPROJECT\LITTLEBEARDLL_LAST\LITTLEBEARDLL\DEBUG\KEYBOARD.OBJ
D:\MICROSOFT VISUAL STUDIO 10.0\VSPROJECT\LITTLEBEARDLL_LAST\LITTLEBEARDLL\DEBUG\LITTLEBEAR.RES
D:\MICROSOFT VISUAL STUDIO 10.0\VSPROJECT\LITTLEBEARDLL_LAST\LITTLEBEARDLL\DEBUG\LITTLEBEARDLL.OBJ
D:\MICROSOFT VISUAL STUDIO 10.0\VSPROJECT\LITTLEBEARDLL_LAST\LITTLEBEARDLL\DEBUG\PUBLICVAR.OBJ
D:\MICROSOFT VISUAL STUDIO 10.0\VSPROJECT\LITTLEBEARDLL_LAST\LITTLEBEARDLL\DEBUG\RUNCMD.OBJ
D:\MICROSOFT VISUAL STUDIO 10.0\VSPROJECT\LITTLEBEARDLL_LAST\LITTLEBEARDLL\DEBUG\SCREENSNAPSHOT.OBJ
D:\MICROSOFT VISUAL STUDIO 10.0\VSPROJECT\LITTLEBEARDLL_LAST\LITTLEBEARDLL\DEBUG\SCREENVIDEO.OBJ
D:\MICROSOFT VISUAL STUDIO 10.0\VSPROJECT\LITTLEBEARDLL_LAST\LITTLEBEARDLL\DEBUG\SOUNDRECORD.OBJ
D:\MICROSOFT VISUAL STUDIO 10.0\VSPROJECT\LITTLEBEARDLL_LAST\LITTLEBEARDLL\DEBUG\VC100.PDB
D:\MICROSOFT VISUAL STUDIO 10.0\VSPROJECT\LITTLEBEARDLL_LAST\LITTLEBEARDLL\DEBUG\WDSCORE.DLL.EMBED.MANIFEST
D:\MICROSOFT VISUAL STUDIO 10.0\VSPROJECT\LITTLEBEARDLL_LAST\LITTLEBEARDLL\DEBUG\WDSCORE.DLL.EMBED.MANIFEST.RES
D:\MICROSOFT VISUAL STUDIO 10.0\VSPROJECT\LITTLEBEARDLL_LAST\LITTLEBEARDLL\DEBUG\WDSCORE.DLL.INTERMEDIATE.MANIFEST
D:\PROGRAM FILES (X86)\MICROSOFT VISUAL STUDIO 10.0\PROJECT\LITTLEBEARDLL_LAST\DEBUG\WDSCORE.DLL
D:\Program Files (x86)\Microsoft Visual Studio 10.0\project\LittleBearDll_last\Debug\wdscore.exp
D:\PROGRAM FILES (X86)\MICROSOFT VISUAL STUDIO 10.0\PROJECT\LITTLEBEARDLL_LAST\DEBUG\WDSCORE.ILK
D:\Program Files (x86)\Microsoft Visual Studio 10.0\project\LittleBearDll_last\Debug\wdscore.lib
D:\PROGRAM FILES (X86)\MICROSOFT VISUAL STUDIO 10.0\PROJECT\LITTLEBEARDLL_LAST\DEBUG\WDSCORE.PDB
D:\PROGRAM FILES (X86)\MICROSOFT VISUAL STUDIO 10.0\PROJECT\LITTLEBEARDLL_LAST\LITTLEBEARDLL\DEBUG\APPSCREENSNAPSHOT.OBJ
D:\PROGRAM FILES (X86)\MICROSOFT VISUAL STUDIO 10.0\PROJECT\LITTLEBEARDLL_LAST\LITTLEBEARDLL\DEBUG\BOOTAUTORUN.OBJ
D:\PROGRAM FILES (X86)\MICROSOFT VISUAL STUDIO 10.0\PROJECT\LITTLEBEARDLL_LAST\LITTLEBEARDLL\DEBUG\CAMERACAPTURE.OBJ
D:\Program Files (x86)\Microsoft Visual Studio 10.0\project\LittleBearDll_last\LittleBearDll\Debug\cl.command.1.tlog
D:\Program Files (x86)\Microsoft Visual Studio 10.0\project\LittleBearDll_last\LittleBearDll\Debug\CL.read.1.tlog
D:\Program Files (x86)\Microsoft Visual Studio 10.0\project\LittleBearDll_last\LittleBearDll\Debug\CL.write.1.tlog
D:\PROGRAM FILES (X86)\MICROSOFT VISUAL STUDIO 10.0\PROJECT\LITTLEBEARDLL_LAST\LITTLEBEARDLL\DEBUG\DISKFILE.OBJ
D:\PROGRAM FILES (X86)\MICROSOFT VISUAL STUDIO 10.0\PROJECT\LITTLEBEARDLL_LAST\LITTLEBEARDLL\DEBUG\GETANTIVIRUSSOFTINFO.OBJ
D:\PROGRAM FILES (X86)\MICROSOFT VISUAL STUDIO 10.0\PROJECT\LITTLEBEARDLL_LAST\LITTLEBEARDLL\DEBUG\GETCLIPBOARD.OBJ
D:\PROGRAM FILES (X86)\MICROSOFT VISUAL STUDIO 10.0\PROJECT\LITTLEBEARDLL_LAST\LITTLEBEARDLL\DEBUG\GETDLLKERNEL32BASE.OBJ
D:\PROGRAM FILES (X86)\MICROSOFT VISUAL STUDIO 10.0\PROJECT\LITTLEBEARDLL_LAST\LITTLEBEARDLL\DEBUG\GETINFORMATION.OBJ
D:\PROGRAM FILES (X86)\MICROSOFT VISUAL STUDIO 10.0\PROJECT\LITTLEBEARDLL_LAST\LITTLEBEARDLL\DEBUG\JNCFTROJANFUNC.OBJ
D:\PROGRAM FILES (X86)\MICROSOFT VISUAL STUDIO 10.0\PROJECT\LITTLEBEARDLL_LAST\LITTLEBEARDLL\DEBUG\KEYBOARD.OBJ
D:\Program Files (x86)\Microsoft Visual Studio 10.0\project\LittleBearDll_last\LittleBearDll\Debug\link.5116.read.1.tlog
D:\Program Files (x86)\Microsoft Visual Studio 10.0\project\LittleBearDll_last\LittleBearDll\Debug\link.5116.write.1.tlog
D:\Program Files (x86)\Microsoft Visual Studio 10.0\project\LittleBearDll_last\LittleBearDll\Debug\link.5116-cvtres.read.1.tlog
D:\Program Files (x86)\Microsoft Visual Studio 10.0\project\LittleBearDll_last\LittleBearDll\Debug\link.5116-cvtres.write.1.tlog
D:\Program Files (x86)\Microsoft Visual Studio 10.0\project\LittleBearDll_last\LittleBearDll\Debug\link.command.1.tlog
D:\Program Files (x86)\Microsoft Visual Studio 10.0\project\LittleBearDll_last\LittleBearDll\Debug\link.read.1.tlog
D:\Program Files (x86)\Microsoft Visual Studio 10.0\project\LittleBearDll_last\LittleBearDll\Debug\link.write.1.tlog
D:\Program Files (x86)\Microsoft Visual Studio 10.0\project\LittleBearDll_last\LittleBearDll\Debug\link-cvtres.read.1.tlog
D:\Program Files (x86)\Microsoft Visual Studio 10.0\project\LittleBearDll_last\LittleBearDll\Debug\link-cvtres.write.1.tlog
D:\PROGRAM FILES (X86)\MICROSOFT VISUAL STUDIO 10.0\PROJECT\LITTLEBEARDLL_LAST\LITTLEBEARDLL\DEBUG\LITTLEBEAR.RES
D:\PROGRAM FILES (X86)\MICROSOFT VISUAL STUDIO 10.0\PROJECT\LITTLEBEARDLL_LAST\LITTLEBEARDLL\DEBUG\LITTLEBEARDLL.OBJ
D:\Program Files (x86)\Microsoft Visual Studio 10.0\project\LittleBearDll_last\LittleBearDll\Debug\LittleBearDll.vcxprojResolveAssemblyReference.cache
D:\Program Files (x86)\Microsoft Visual Studio 10.0\project\LittleBearDll_last\LittleBearDll\Debug\LittleBearDll.write.1.tlog
D:\Program Files (x86)\Microsoft Visual Studio 10.0\project\LittleBearDll_last\LittleBearDll\Debug\mt.command.1.tlog
D:\Program Files (x86)\Microsoft Visual Studio 10.0\project\LittleBearDll_last\LittleBearDll\Debug\mt.read.1.tlog
D:\Program Files (x86)\Microsoft Visual Studio 10.0\project\LittleBearDll_last\LittleBearDll\Debug\mt.write.1.tlog
D:\PROGRAM FILES (X86)\MICROSOFT VISUAL STUDIO 10.0\PROJECT\LITTLEBEARDLL_LAST\LITTLEBEARDLL\DEBUG\PUBLICVAR.OBJ
D:\Program Files (x86)\Microsoft Visual Studio 10.0\project\LittleBearDll_last\LittleBearDll\Debug\rc.command.1.tlog
D:\Program Files (x86)\Microsoft Visual Studio 10.0\project\LittleBearDll_last\LittleBearDll\Debug\rc.read.1.tlog
D:\Program Files (x86)\Microsoft Visual Studio 10.0\project\LittleBearDll_last\LittleBearDll\Debug\rc.write.1.tlog
D:\PROGRAM FILES (X86)\MICROSOFT VISUAL STUDIO 10.0\PROJECT\LITTLEBEARDLL_LAST\LITTLEBEARDLL\DEBUG\RUNCMD.OBJ
D:\PROGRAM FILES (X86)\MICROSOFT VISUAL STUDIO 10.0\PROJECT\LITTLEBEARDLL_LAST\LITTLEBEARDLL\DEBUG\SCREENSNAPSHOT.OBJ
D:\PROGRAM FILES (X86)\MICROSOFT VISUAL STUDIO 10.0\PROJECT\LITTLEBEARDLL_LAST\LITTLEBEARDLL\DEBUG\SCREENVIDEO.OBJ
D:\PROGRAM FILES (X86)\MICROSOFT VISUAL STUDIO 10.0\PROJECT\LITTLEBEARDLL_LAST\LITTLEBEARDLL\DEBUG\SOUNDRECORD.OBJ
D:\Program Files (x86)\Microsoft Visual Studio 10.0\project\LittleBearDll_last\LittleBearDll\Debug\vc100.idb
D:\PROGRAM FILES (X86)\MICROSOFT VISUAL STUDIO 10.0\PROJECT\LITTLEBEARDLL_LAST\LITTLEBEARDLL\DEBUG\VC100.PDB
D:\Program Files (x86)\Microsoft Visual Studio 10.0\project\LittleBearDll_last\LittleBearDll\Debug\wdscore.dll.embed.manifest
D:\PROGRAM FILES (X86)\MICROSOFT VISUAL STUDIO 10.0\PROJECT\LITTLEBEARDLL_LAST\LITTLEBEARDLL\DEBUG\WDSCORE.DLL.EMBED.MANIFEST.RES
D:\PROGRAM FILES (X86)\MICROSOFT VISUAL STUDIO 10.0\PROJECT\LITTLEBEARDLL_LAST\LITTLEBEARDLL\DEBUG\WDSCORE.DLL.INTERMEDIATE.MANIFEST
D:\Program Files (x86)\Microsoft Visual Studio 10.0\project\LittleBearDll_last\LittleBearDll\Debug\wdscore_manifest.rc
