d:\vsproject\littlebear\unbind\release\vc140.pdb
d:\vsproject\littlebear\unbind\release\unbind.obj
d:\vsproject\littlebear\unbind\release\nonesystemapiexport.obj
d:\vsproject\littlebear\unbind\release\export.obj
d:\vsproject\littlebear\release\unbind.dll
d:\vsproject\littlebear\release\unbind.ipdb
d:\vsproject\littlebear\release\unbind.iobj
d:\vsproject\littlebear\release\unbind.pdb
d:\vsproject\littlebear\unbind\release\unbind.res
d:\vsproject\littlebear\release\unbind.lib
d:\vsproject\littlebear\release\unbind.exp
d:\vsproject\littlebear\unbind\release\unbind.tlog\cl.command.1.tlog
d:\vsproject\littlebear\unbind\release\unbind.tlog\cl.read.1.tlog
d:\vsproject\littlebear\unbind\release\unbind.tlog\cl.write.1.tlog
d:\vsproject\littlebear\unbind\release\unbind.tlog\link.command.1.tlog
d:\vsproject\littlebear\unbind\release\unbind.tlog\link.read.1.tlog
d:\vsproject\littlebear\unbind\release\unbind.tlog\link.write.1.tlog
d:\vsproject\littlebear\unbind\release\unbind.tlog\rc.command.1.tlog
d:\vsproject\littlebear\unbind\release\unbind.tlog\rc.read.1.tlog
d:\vsproject\littlebear\unbind\release\unbind.tlog\rc.write.1.tlog
d:\vsproject\littlebear\unbind\release\unbind.tlog\unbind.write.1u.tlog
