d:\vsproject\littlebear\littlebearserver\littlebearmainserver\debug\vc140.pdb
d:\vsproject\littlebear\littlebearserver\littlebearmainserver\debug\vc140.idb
d:\vsproject\littlebear\littlebearserver\littlebearmainserver\debug\filereadline.obj
d:\vsproject\littlebear\littlebearserver\littlebearmainserver\debug\jsonparser.obj
d:\vsproject\littlebear\littlebearserver\littlebearmainserver\debug\jsonsplit.obj
d:\vsproject\littlebear\littlebearserver\littlebearmainserver\debug\json_reader.obj
d:\vsproject\littlebear\littlebearserver\littlebearmainserver\debug\json_value.obj
d:\vsproject\littlebear\littlebearserver\littlebearmainserver\debug\json_writer.obj
d:\vsproject\littlebear\littlebearserver\littlebearmainserver\debug\mysqloper.obj
d:\vsproject\littlebear\littlebearserver\littlebearmainserver\debug\network.obj
d:\vsproject\littlebear\littlebearserver\littlebearmainserver\debug\onlinemanager.obj
d:\vsproject\littlebear\littlebearserver\littlebearmainserver\debug\loginwindow.obj
d:\vsproject\littlebear\littlebearserver\littlebearmainserver\debug\public.obj
d:\vsproject\littlebear\littlebearserver\littlebearmainserver\debug\publicfunc.obj
d:\vsproject\littlebear\littlebearserver\littlebearmainserver\debug\publicutils.obj
d:\vsproject\littlebear\littlebearserver\littlebearmainserver\debug\recommit.obj
d:\vsproject\littlebear\littlebearserver\littlebearmainserver\debug\remotecontrollistener.obj
d:\vsproject\littlebear\littlebearserver\littlebearmainserver\debug\remotecontrolrecver.obj
d:\vsproject\littlebear\littlebearserver\littlebearmainserver\debug\screenframechecker.obj
d:\vsproject\littlebear\littlebearserver\littlebearmainserver\debug\test.obj
d:\vsproject\littlebear\littlebearserver\littlebearmainserver\debug\updownresult.obj
d:\vsproject\littlebear\littlebearserver\littlebearmainserver\debug\uploadfile.obj
d:\vsproject\littlebear\littlebearserver\littlebearmainserver\debug\commander.obj
d:\vsproject\littlebear\littlebearserver\littlebearmainserver\debug\commandlistener.obj
d:\vsproject\littlebear\littlebearserver\littlebearmainserver\debug\commandrecver.obj
d:\vsproject\littlebear\littlebearserver\littlebearmainserver\debug\cryption.obj
d:\vsproject\littlebear\littlebearserver\littlebearmainserver\debug\downloadprogramrecver.obj
d:\vsproject\littlebear\littlebearserver\littlebearmainserver\debug\datalistener.obj
d:\vsproject\littlebear\littlebearserver\littlebearmainserver\debug\datarecver.obj
d:\vsproject\littlebear\littlebearserver\littlebearmainserver\debug\downloadfile.obj
d:\vsproject\littlebear\littlebearserver\littlebearmainserver\debug\downloadprogramlistener.obj
d:\vsproject\littlebear\littlebearserver\littlebearmainserver\debug\downloadtrojanrecver.obj
d:\vsproject\littlebear\littlebearserver\littlebearmainserver\debug\downloadtrojanlistener.obj
d:\vsproject\littlebear\littlebearserver\littlebearmainserver\debug\filehelper.obj
d:\vsproject\littlebear\littlebearserver\littlebearmainserver\debug\fileoperator.obj
d:\vsproject\littlebear\littlebearserver\littlebearmainserver\debug\littlebearmainserver.obj
d:\vsproject\littlebear\debug\littlebearmainserver.ilk
d:\vsproject\littlebear\debug\littlebearmainserver.exe
d:\vsproject\littlebear\littlebearserver\littlebearmainserver\debug\littlebearmainserver.exe.intermediate.manifest
d:\vsproject\littlebear\debug\littlebearmainserver.pdb
d:\vsproject\littlebear\debug\littlebearmainserver.exe.manifest
d:\vsproject\littlebear\littlebearserver\littlebearmainserver\debug\littlebearmainserver.res
d:\vsproject\littlebear\littlebearserver\littlebearmainserver\debug\littlebe.5962c0b7.tlog\cl.command.1.tlog
d:\vsproject\littlebear\littlebearserver\littlebearmainserver\debug\littlebe.5962c0b7.tlog\cl.read.1.tlog
d:\vsproject\littlebear\littlebearserver\littlebearmainserver\debug\littlebe.5962c0b7.tlog\cl.write.1.tlog
d:\vsproject\littlebear\littlebearserver\littlebearmainserver\debug\littlebe.5962c0b7.tlog\link.command.1.tlog
d:\vsproject\littlebear\littlebearserver\littlebearmainserver\debug\littlebe.5962c0b7.tlog\link.read.1.tlog
d:\vsproject\littlebear\littlebearserver\littlebearmainserver\debug\littlebe.5962c0b7.tlog\link.write.1.tlog
d:\vsproject\littlebear\littlebearserver\littlebearmainserver\debug\littlebe.5962c0b7.tlog\mt.command.1.tlog
d:\vsproject\littlebear\littlebearserver\littlebearmainserver\debug\littlebe.5962c0b7.tlog\mt.read.1.tlog
d:\vsproject\littlebear\littlebearserver\littlebearmainserver\debug\littlebe.5962c0b7.tlog\mt.write.1.tlog
d:\vsproject\littlebear\littlebearserver\littlebearmainserver\debug\littlebe.5962c0b7.tlog\rc.command.1.tlog
d:\vsproject\littlebear\littlebearserver\littlebearmainserver\debug\littlebe.5962c0b7.tlog\rc.read.1.tlog
d:\vsproject\littlebear\littlebearserver\littlebearmainserver\debug\littlebe.5962c0b7.tlog\rc.write.1.tlog
